RUN	PetClinicAdvanced	petclinicadvanced	1626179746455	 	3.2.1
USER	PetClinic	1	START	1626179747821	1626179747821
REQUEST	1		Open Home Page	1626179747881	1626179747905	OK	 
REQUEST	1		Get Find Owners Page	1626179750925	1626179750929	OK	 
REQUEST	1		GET Add Owner	1626179751935	1626179751939	OK	 
REQUEST	1		POST Add Owner	1626179762944	1626179762947	OK	 
REQUEST	1		Get Owners Info	1626179762971	1626179763006	OK	 
REQUEST	1		GET Add Pet	1626179771014	1626179771024	OK	 
REQUEST	1		POST Add Pet	1626179786027	1626179786039	KO	status.find.is(302), but actually found 200
REQUEST	1		GET Edit Pet Page	1626179788033	1626179788045	OK	 
REQUEST	1		POST Edit Pet Name	1626179795044	1626179795066	OK	 
REQUEST	1		GET Owners Info	1626179795067	1626179795099	OK	 
REQUEST	1		GET Add new visit	1626179801104	1626179801143	OK	 
REQUEST	1		POST Add new visit	1626179805147	1626179805156	OK	 
REQUEST	1		GET Owners Info	1626179805157	1626179805188	OK	 
REQUEST	1		Get Find Owners Page	1626179816195	1626179816199	OK	 
REQUEST	1		GET Find Owners by Lastname	1626179823194	1626179823206	KO	status.find.is(302), but actually found 200
REQUEST	1		GET Open Edit Owner Page	1626179832206	1626179832216	OK	 
REQUEST	1		POST Update Owner	1626179840226	1626179840234	OK	 
REQUEST	1		GET Owners Info	1626179840235	1626179840271	OK	 
REQUEST	1		GET Vets List	1626179847263	1626179847267	OK	 
USER	PetClinic	1	END	1626179747821	1626179849279
