RUN	PetClinicAdvanced	petclinicadvanced	1626193465315	 	3.6.0
USER	PetClinicAdvanced	START	1626193466362
REQUEST		Open Home Page	1626193466380	1626193466402	OK	 
REQUEST		Get Find Owners Page	1626193468150	1626193468153	OK	 
REQUEST		GET Add Owner	1626193470107	1626193470112	OK	 
REQUEST		POST Add Owner	1626193471856	1626193471860	OK	 
REQUEST		Get Owners Info	1626193471865	1626193471903	OK	 
REQUEST		GET Add Pet	1626193472919	1626193472930	OK	 
REQUEST		POST Add Pet	1626193474913	1626193474922	OK	 
REQUEST		Get Owners Info	1626193474923	1626193474957	OK	 
REQUEST		GET Edit Pet Page	1626193476547	1626193476560	OK	 
REQUEST		POST Edit Pet Name	1626193477762	1626193477780	OK	 
REQUEST		GET Owners Info	1626193477780	1626193477829	OK	 
REQUEST		GET Add new visit	1626193479039	1626193479080	OK	 
REQUEST		POST Add new visit	1626193480595	1626193480605	OK	 
REQUEST		GET Owners Info	1626193480605	1626193480639	OK	 
REQUEST		Get Find Owners Page	1626193481645	1626193481649	OK	 
REQUEST		GET Find Owners by Lastname	1626193482871	1626193482888	OK	 
REQUEST		GET Owners Info	1626193482895	1626193482934	OK	 
REQUEST		GET Open Edit Owner Page	1626193484911	1626193484921	OK	 
REQUEST		POST Update Owner	1626193486446	1626193486455	OK	 
REQUEST		GET Owners Info	1626193486456	1626193486492	OK	 
REQUEST		GET Vets List	1626193487729	1626193487734	OK	 
USER	PetClinicAdvanced	END	1626193489440
