RUN	PetClinicAdvanced	petclinicadvanced	1626195330832	 	3.6.0
USER	PetClinicAdvanced	START	1626195332453
REQUEST		Open Home Page	1626195332475	1626195332507	OK	 
REQUEST		Get Find Owners Page	1626195334286	1626195334292	OK	 
REQUEST		GET Add Owner	1626195336225	1626195336230	OK	 
REQUEST		POST Add Owner	1626195337688	1626195337693	OK	 
REQUEST		Get Owners Info	1626195337730	1626195337793	OK	 
REQUEST		GET Add Pet	1626195339703	1626195339715	OK	 
REQUEST		POST Add Pet	1626195341069	1626195341083	OK	 
REQUEST		Get Owners Info	1626195341084	1626195341142	OK	 
REQUEST		GET Edit Pet Page	1626195342413	1626195342433	OK	 
REQUEST		POST Edit Pet Name	1626195343680	1626195343701	OK	 
REQUEST		GET Owners Info	1626195343702	1626195343780	OK	 
USER	PetClinicAdvanced	START	1626195344490
REQUEST		Get Find Owners Page	1626195344490	1626195344505	OK	 
REQUEST		GET Add new visit	1626195344968	1626195345033	OK	 
REQUEST		GET Find Owners by Lastname	1626195346265	1626195346307	OK	 
REQUEST		GET Owners Info	1626195346321	1626195346397	OK	 
REQUEST		POST Add new visit	1626195346486	1626195346502	OK	 
REQUEST		GET Owners Info	1626195346503	1626195346571	OK	 
REQUEST		GET Open Edit Owner Page	1626195348117	1626195348130	OK	 
USER	PetClinicAdvanced	END	1626195348370
REQUEST		POST Update Owner	1626195349220	1626195349234	OK	 
REQUEST		GET Owners Info	1626195349235	1626195349310	OK	 
REQUEST		GET Vets List	1626195350718	1626195350723	OK	 
USER	PetClinicAdvanced	END	1626195352223
USER	PetClinicAdvanced	START	1626195356491
REQUEST		Open Home Page	1626195356491	1626195356505	OK	 
REQUEST		Get Find Owners Page	1626195358539	1626195358544	OK	 
REQUEST		GET Add Owner	1626195360413	1626195360416	OK	 
REQUEST		POST Add Owner	1626195362066	1626195362070	OK	 
REQUEST		Get Owners Info	1626195362071	1626195362126	OK	 
REQUEST		GET Add Pet	1626195363929	1626195363942	OK	 
REQUEST		POST Add Pet	1626195365830	1626195365844	KO	status.find.is(302), but actually found 200
REQUEST		GET Edit Pet Page	1626195367442	1626195367482	OK	 
USER	PetClinicAdvanced	START	1626195368489
REQUEST		Get Find Owners Page	1626195368489	1626195368504	OK	 
REQUEST		POST Edit Pet Name	1626195368718	1626195368749	OK	 
REQUEST		GET Owners Info	1626195368750	1626195368809	OK	 
REQUEST		GET Find Owners by Lastname	1626195369960	1626195370020	OK	 
REQUEST		GET Owners Info	1626195370041	1626195370124	OK	 
REQUEST		GET Add new visit	1626195370051	1626195370149	OK	 
REQUEST		GET Open Edit Owner Page	1626195371446	1626195371468	OK	 
REQUEST		POST Add new visit	1626195371683	1626195371695	OK	 
REQUEST		GET Owners Info	1626195371696	1626195371754	OK	 
REQUEST		POST Update Owner	1626195372681	1626195372700	OK	 
REQUEST		GET Owners Info	1626195372700	1626195372763	OK	 
USER	PetClinicAdvanced	END	1626195372841
REQUEST		GET Vets List	1626195374646	1626195374650	OK	 
USER	PetClinicAdvanced	END	1626195376683
USER	PetClinicAdvanced	START	1626195380487
REQUEST		Get Find Owners Page	1626195380488	1626195380502	OK	 
REQUEST		GET Find Owners by Lastname	1626195382117	1626195382171	OK	 
REQUEST		GET Owners Info	1626195382178	1626195382247	OK	 
REQUEST		GET Open Edit Owner Page	1626195384036	1626195384047	OK	 
REQUEST		POST Update Owner	1626195385801	1626195385819	OK	 
REQUEST		GET Owners Info	1626195385819	1626195385871	OK	 
REQUEST		GET Vets List	1626195387612	1626195387615	OK	 
USER	PetClinicAdvanced	END	1626195389244
USER	PetClinicAdvanced	START	1626195392416
REQUEST		Open Home Page	1626195392416	1626195392428	OK	 
REQUEST		Get Find Owners Page	1626195393492	1626195393495	OK	 
REQUEST		GET Add Owner	1626195394937	1626195394941	OK	 
REQUEST		POST Add Owner	1626195396162	1626195396164	OK	 
REQUEST		Get Owners Info	1626195396165	1626195396218	OK	 
REQUEST		GET Add Pet	1626195397443	1626195397455	OK	 
REQUEST		POST Add Pet	1626195399282	1626195399295	KO	status.find.is(302), but actually found 200
REQUEST		GET Edit Pet Page	1626195400803	1626195400823	OK	 
REQUEST		POST Edit Pet Name	1626195401965	1626195401988	OK	 
REQUEST		GET Owners Info	1626195401989	1626195402046	OK	 
REQUEST		GET Add new visit	1626195403659	1626195403713	OK	 
USER	PetClinicAdvanced	START	1626195404489
REQUEST		Open Home Page	1626195404490	1626195404504	OK	 
REQUEST		POST Add new visit	1626195405034	1626195405046	OK	 
REQUEST		GET Owners Info	1626195405046	1626195405100	OK	 
REQUEST		Get Find Owners Page	1626195406332	1626195406335	OK	 
USER	PetClinicAdvanced	END	1626195406451
REQUEST		GET Add Owner	1626195408162	1626195408166	OK	 
REQUEST		POST Add Owner	1626195410182	1626195410185	OK	 
REQUEST		Get Owners Info	1626195410185	1626195410246	OK	 
REQUEST		GET Add Pet	1626195411521	1626195411534	OK	 
REQUEST		POST Add Pet	1626195412638	1626195412652	KO	status.find.is(302), but actually found 200
REQUEST		GET Edit Pet Page	1626195413895	1626195413919	OK	 
REQUEST		POST Edit Pet Name	1626195415980	1626195416008	OK	 
REQUEST		GET Owners Info	1626195416008	1626195416062	OK	 
USER	PetClinicAdvanced	START	1626195416416
REQUEST		Open Home Page	1626195416416	1626195416428	OK	 
REQUEST		GET Add new visit	1626195417220	1626195417284	OK	 
REQUEST		Get Find Owners Page	1626195418021	1626195418025	OK	 
REQUEST		POST Add new visit	1626195418805	1626195418817	OK	 
REQUEST		GET Owners Info	1626195418817	1626195418890	OK	 
REQUEST		GET Add Owner	1626195419609	1626195419613	OK	 
USER	PetClinicAdvanced	END	1626195420132
REQUEST		POST Add Owner	1626195421142	1626195421145	OK	 
REQUEST		Get Owners Info	1626195421146	1626195421203	OK	 
REQUEST		GET Add Pet	1626195422365	1626195422380	OK	 
REQUEST		POST Add Pet	1626195424017	1626195424031	KO	status.find.is(302), but actually found 200
REQUEST		GET Edit Pet Page	1626195426011	1626195426030	OK	 
REQUEST		POST Edit Pet Name	1626195428041	1626195428073	OK	 
REQUEST		GET Owners Info	1626195428073	1626195428131	OK	 
USER	PetClinicAdvanced	START	1626195428490
REQUEST		Get Find Owners Page	1626195428491	1626195428504	OK	 
REQUEST		GET Add new visit	1626195430003	1626195430064	OK	 
REQUEST		GET Find Owners by Lastname	1626195430440	1626195430476	OK	 
REQUEST		GET Owners Info	1626195430481	1626195430538	OK	 
REQUEST		POST Add new visit	1626195431680	1626195431690	OK	 
REQUEST		GET Owners Info	1626195431691	1626195431755	OK	 
REQUEST		GET Open Edit Owner Page	1626195432377	1626195432395	OK	 
USER	PetClinicAdvanced	END	1626195433646
REQUEST		POST Update Owner	1626195433980	1626195433993	OK	 
REQUEST		GET Owners Info	1626195433993	1626195434053	OK	 
REQUEST		GET Vets List	1626195435180	1626195435184	OK	 
USER	PetClinicAdvanced	END	1626195437011
USER	PetClinicAdvanced	START	1626195440489
REQUEST		Open Home Page	1626195440490	1626195440495	OK	 
REQUEST		Get Find Owners Page	1626195442196	1626195442199	OK	 
REQUEST		GET Add Owner	1626195443379	1626195443384	OK	 
REQUEST		POST Add Owner	1626195444461	1626195444464	OK	 
REQUEST		Get Owners Info	1626195444464	1626195444529	OK	 
REQUEST		GET Add Pet	1626195446355	1626195446368	OK	 
REQUEST		POST Add Pet	1626195447473	1626195447484	KO	status.find.is(302), but actually found 200
REQUEST		GET Edit Pet Page	1626195449311	1626195449333	OK	 
REQUEST		POST Edit Pet Name	1626195451157	1626195451189	OK	 
REQUEST		GET Owners Info	1626195451190	1626195451247	OK	 
REQUEST		GET Add new visit	1626195452478	1626195452529	OK	 
REQUEST		POST Add new visit	1626195454180	1626195454191	OK	 
REQUEST		GET Owners Info	1626195454191	1626195454247	OK	 
USER	PetClinicAdvanced	END	1626195455926
