RUN	PetClinicAdvanced	petclinicadvanced	1626191603485	1	3.6.0
USER	PetClinicAdvanced	START	1626191604494
REQUEST		GET Open Home Page	1626191604510	1626191604531	OK	 
REQUEST		GET Owners Page	1626191605574	1626191605578	OK	 
REQUEST		GET Find Owners Page	1626191606583	1626191606590	OK	 
REQUEST		POST Add Owner	1626191617597	1626191617602	OK	 
REQUEST		GET Owners Page	1626191617604	1626191617611	OK	 
REQUEST		GET Edit Owners Page	1626191619617	1626191619622	OK	 
REQUEST		POST Update Owner	1626191624625	1626191624632	OK	 
REQUEST		GET Owners Info	1626191624633	1626191624647	OK	 
REQUEST		GET Add Pet	1626191625654	1626191625660	OK	 
REQUEST		POST Add Pet	1626191637666	1626191637672	KO	status.find.is(302), but actually found 200
REQUEST		GET Owners Info	1626191637674	1626191637679	OK	 
REQUEST		GET Edit Owners Page	1626191639686	1626191639691	OK	 
REQUEST		POST Update Pet	1626191656694	1626191656699	OK	 
REQUEST		GET Owners Info	1626191656700	1626191656706	OK	 
REQUEST		GET Visits Page	1626191662708	1626191662715	OK	 
REQUEST		POST Add Visit	1626191665720	1626191665726	OK	 
REQUEST		request_16	1626191665726	1626191665735	OK	 
REQUEST		GET Owners Info	1626191675741	1626191675745	OK	 
REQUEST		GET Find Owner Page	1626191677751	1626191677756	OK	 
REQUEST		GET Find Owners by Lastname	1626191683759	1626191683766	OK	 
REQUEST		GET Owners Info	1626191683769	1626191683775	OK	 
REQUEST		GET Edit Owner Page	1626191698781	1626191698786	OK	 
REQUEST		POST Update Owner	1626191702792	1626191702797	OK	 
REQUEST		GET Owners Info	1626191702797	1626191702809	OK	 
REQUEST		GET Vets	1626191712816	1626191712821	OK	 
USER	PetClinicAdvanced	END	1626191712823
