RUN	PetClinicAdvanced	petclinicadvanced	1626192936201	 	3.6.0
USER	PetClinicAdvanced	START	1626192937123
REQUEST		Open Home Page	1626192937142	1626192937169	OK	 
REQUEST		Get Find Owners Page	1626192938392	1626192938395	OK	 
REQUEST		GET Add Owner	1626192939555	1626192939559	OK	 
REQUEST		POST Add Owner	1626192941217	1626192941221	OK	 
REQUEST		Get Owners Info	1626192941226	1626192941264	OK	 
REQUEST		GET Add Pet	1626192942289	1626192942299	OK	 
REQUEST		POST Add Pet	1626192944064	1626192944075	KO	status.find.is(302), but actually found 200
REQUEST		GET Edit Pet Page	1626192945272	1626192945286	OK	 
REQUEST		POST Edit Pet Name	1626192947220	1626192947235	OK	 
REQUEST		GET Owners Info	1626192947236	1626192947272	OK	 
REQUEST		GET Add new visit	1626192948894	1626192948932	OK	 
REQUEST		POST Add new visit	1626192950039	1626192950048	OK	 
REQUEST		GET Owners Info	1626192950048	1626192950082	OK	 
REQUEST		Get Find Owners Page	1626192951507	1626192951510	OK	 
REQUEST		GET Find Owners by Lastname	1626192952826	1626192952840	KO	status.find.is(302), but actually found 200
REQUEST		GET Open Edit Owner Page	1626192954696	1626192954705	OK	 
REQUEST		POST Update Owner	1626192955898	1626192955909	OK	 
REQUEST		GET Owners Info	1626192955910	1626192955948	OK	 
REQUEST		GET Vets List	1626192957187	1626192957192	OK	 
USER	PetClinicAdvanced	END	1626192958325
