RUN	PetClinicAdvanced	petclinicadvanced	1626180250433	 	3.2.1
USER	PetClinic	1	START	1626180251894	1626180251894
REQUEST	1		Open Home Page	1626180251958	1626180251980	OK	 
REQUEST	1		Get Find Owners Page	1626180255000	1626180255003	OK	 
REQUEST	1		GET Add Owner	1626180256001	1626180256004	OK	 
REQUEST	1		POST Add Owner	1626180267021	1626180267025	OK	 
REQUEST	1		Get Owners Info	1626180267046	1626180267089	OK	 
REQUEST	1		GET Add Pet	1626180275090	1626180275099	OK	 
REQUEST	1		POST Add Pet	1626180290104	1626180290116	KO	status.find.is(302), but actually found 200
REQUEST	1		GET Edit Pet Page	1626180292112	1626180292129	OK	 
REQUEST	1		POST Edit Pet Name	1626180299142	1626180299157	OK	 
REQUEST	1		GET Owners Info	1626180299159	1626180299190	OK	 
REQUEST	1		GET Add new visit	1626180305192	1626180305229	OK	 
REQUEST	1		POST Add new visit	1626180309221	1626180309230	OK	 
REQUEST	1		GET Owners Info	1626180309231	1626180309267	OK	 
REQUEST	1		Get Find Owners Page	1626180320261	1626180320265	OK	 
REQUEST	1		GET Find Owners by Lastname	1626180327271	1626180327282	OK	 
REQUEST	1		GET Open Edit Owner Page	1626180336291	1626180336300	OK	 
REQUEST	1		POST Update Owner	1626180344302	1626180344309	OK	 
REQUEST	1		GET Owners Info	1626180344311	1626180344342	OK	 
REQUEST	1		GET Vets List	1626180351340	1626180351347	OK	 
USER	PetClinic	1	END	1626180251894	1626180353343
