RUN	PetClinicAdvanced	petclinicadvanced	1626194601449	 	3.6.0
USER	PetClinicAdvanced	START	1626194602732
REQUEST		Open Home Page	1626194602763	1626194602785	OK	 
REQUEST		Get Find Owners Page	1626194604633	1626194604638	OK	 
REQUEST		GET Add Owner	1626194606509	1626194606512	OK	 
REQUEST		POST Add Owner	1626194607893	1626194607898	OK	 
REQUEST		Get Owners Info	1626194607905	1626194607959	OK	 
REQUEST		GET Add Pet	1626194609067	1626194609088	OK	 
REQUEST		POST Add Pet	1626194610594	1626194610607	OK	 
REQUEST		Get Owners Info	1626194610608	1626194610662	OK	 
REQUEST		GET Edit Pet Page	1626194612727	1626194612747	OK	 
REQUEST		POST Edit Pet Name	1626194614040	1626194614060	OK	 
REQUEST		GET Owners Info	1626194614060	1626194614143	OK	 
REQUEST		GET Add new visit	1626194615858	1626194615920	OK	 
REQUEST		POST Add new visit	1626194617450	1626194617469	OK	 
REQUEST		GET Owners Info	1626194617470	1626194617537	OK	 
REQUEST		Get Find Owners Page	1626194619255	1626194619259	OK	 
REQUEST		GET Find Owners by Lastname	1626194621212	1626194621238	OK	 
REQUEST		GET Owners Info	1626194621257	1626194621324	OK	 
REQUEST		GET Open Edit Owner Page	1626194623092	1626194623105	OK	 
REQUEST		POST Update Owner	1626194624970	1626194624984	OK	 
REQUEST		GET Owners Info	1626194624985	1626194625037	OK	 
REQUEST		GET Vets List	1626194626902	1626194626907	OK	 
USER	PetClinicAdvanced	END	1626194628735
