RUN	PetClinicAdvanced	petclinicadvanced	1626192340215	1	3.6.0
USER	PetClinicAdvanced	START	1626192341273
REQUEST		Open Home Page	1626192341289	1626192341310	OK	 
REQUEST		Get Find Owners Page	1626192344346	1626192344350	OK	 
REQUEST		GET Add Owner	1626192345357	1626192345362	OK	 
REQUEST		POST Add Owner	1626192356369	1626192356373	OK	 
REQUEST		Get Owners Info	1626192356378	1626192356418	OK	 
REQUEST		GET Add Pet	1626192364423	1626192364433	OK	 
REQUEST		POST Add Pet	1626192379440	1626192379449	OK	 
REQUEST		GET Owners Info	1626192379449	1626192379489	OK	 
REQUEST		GET Edit Pet Page	1626192381494	1626192381509	OK	 
REQUEST		POST Edit Pet Name	1626192388516	1626192388530	OK	 
REQUEST		GET Owners Info	1626192388530	1626192388568	OK	 
REQUEST		GET Add new visit	1626192394570	1626192394611	OK	 
REQUEST		POST Add new visit	1626192398619	1626192398628	OK	 
REQUEST		GET Owners Info	1626192398630	1626192398669	OK	 
REQUEST		Get Find Owners Page	1626192409673	1626192409676	OK	 
REQUEST		GET Find Owners by Lastname	1626192416682	1626192416696	OK	 
REQUEST		GET Open Edit Owner Page	1626192425705	1626192425714	OK	 
REQUEST		POST Update Owner	1626192433719	1626192433727	OK	 
REQUEST		GET Owners Info	1626192433728	1626192433762	OK	 
REQUEST		GET Vets List	1626192440766	1626192440771	OK	 
USER	PetClinicAdvanced	END	1626192442779
