RUN	PetClinicAdvanced	petclinicadvanced	1626194016267	 	3.6.0
USER	PetClinicAdvanced	START	1626194017423
REQUEST		Open Home Page	1626194017444	1626194017469	OK	 
USER	PetClinicAdvanced	START	1626194017584
REQUEST		Open Home Page	1626194017584	1626194017597	OK	 
USER	PetClinicAdvanced	START	1626194017683
REQUEST		Open Home Page	1626194017684	1626194017699	OK	 
USER	PetClinicAdvanced	START	1626194017784
REQUEST		Open Home Page	1626194017785	1626194017798	OK	 
USER	PetClinicAdvanced	START	1626194017885
REQUEST		Open Home Page	1626194017886	1626194017900	OK	 
USER	PetClinicAdvanced	START	1626194017985
REQUEST		Open Home Page	1626194017985	1626194017998	OK	 
USER	PetClinicAdvanced	START	1626194018086
REQUEST		Open Home Page	1626194018086	1626194018098	OK	 
USER	PetClinicAdvanced	START	1626194018186
REQUEST		Open Home Page	1626194018187	1626194018201	OK	 
USER	PetClinicAdvanced	START	1626194018283
REQUEST		Open Home Page	1626194018283	1626194018288	OK	 
USER	PetClinicAdvanced	START	1626194018386
REQUEST		Open Home Page	1626194018387	1626194018393	OK	 
USER	PetClinicAdvanced	START	1626194018487
REQUEST		Open Home Page	1626194018487	1626194018492	OK	 
USER	PetClinicAdvanced	START	1626194018588
REQUEST		Open Home Page	1626194018588	1626194018593	OK	 
USER	PetClinicAdvanced	START	1626194018689
REQUEST		Open Home Page	1626194018689	1626194018694	OK	 
USER	PetClinicAdvanced	START	1626194018788
REQUEST		Open Home Page	1626194018788	1626194018794	OK	 
REQUEST		Get Find Owners Page	1626194018876	1626194018881	OK	 
USER	PetClinicAdvanced	START	1626194018888
REQUEST		Open Home Page	1626194018888	1626194018893	OK	 
USER	PetClinicAdvanced	START	1626194018988
REQUEST		Open Home Page	1626194018988	1626194018993	OK	 
USER	PetClinicAdvanced	START	1626194019088
REQUEST		Open Home Page	1626194019088	1626194019093	OK	 
USER	PetClinicAdvanced	START	1626194019188
REQUEST		Open Home Page	1626194019189	1626194019193	OK	 
USER	PetClinicAdvanced	START	1626194019289
REQUEST		Open Home Page	1626194019289	1626194019293	OK	 
REQUEST		Get Find Owners Page	1626194019359	1626194019396	OK	 
USER	PetClinicAdvanced	START	1626194019399
REQUEST		Get Find Owners Page	1626194019396	1626194019412	OK	 
REQUEST		Open Home Page	1626194019399	1626194019417	OK	 
REQUEST		Get Find Owners Page	1626194019458	1626194019463	OK	 
REQUEST		Get Find Owners Page	1626194019483	1626194019486	OK	 
USER	PetClinicAdvanced	START	1626194019488
REQUEST		Open Home Page	1626194019488	1626194019492	OK	 
REQUEST		Get Find Owners Page	1626194019525	1626194019528	OK	 
REQUEST		Get Find Owners Page	1626194019558	1626194019562	OK	 
USER	PetClinicAdvanced	START	1626194019583
REQUEST		Open Home Page	1626194019583	1626194019587	OK	 
USER	PetClinicAdvanced	START	1626194019659
REQUEST		Get Find Owners Page	1626194019658	1626194019663	OK	 
REQUEST		Open Home Page	1626194019659	1626194019666	OK	 
USER	PetClinicAdvanced	START	1626194019779
REQUEST		Open Home Page	1626194019779	1626194019784	OK	 
USER	PetClinicAdvanced	START	1626194019881
REQUEST		Open Home Page	1626194019881	1626194019885	OK	 
REQUEST		Get Find Owners Page	1626194019908	1626194019911	OK	 
USER	PetClinicAdvanced	START	1626194019981
REQUEST		Open Home Page	1626194019981	1626194019986	OK	 
REQUEST		Get Find Owners Page	1626194020035	1626194020038	OK	 
REQUEST		Get Find Owners Page	1626194020035	1626194020038	OK	 
USER	PetClinicAdvanced	START	1626194020090
REQUEST		Open Home Page	1626194020091	1626194020103	OK	 
REQUEST		Get Find Owners Page	1626194020116	1626194020119	OK	 
USER	PetClinicAdvanced	START	1626194020176
REQUEST		Open Home Page	1626194020176	1626194020181	OK	 
USER	PetClinicAdvanced	START	1626194020282
REQUEST		Open Home Page	1626194020282	1626194020285	OK	 
REQUEST		Get Find Owners Page	1626194020321	1626194020325	OK	 
USER	PetClinicAdvanced	START	1626194020377
REQUEST		Open Home Page	1626194020378	1626194020382	OK	 
USER	PetClinicAdvanced	START	1626194020481
REQUEST		Open Home Page	1626194020481	1626194020485	OK	 
REQUEST		Get Find Owners Page	1626194020561	1626194020564	OK	 
USER	PetClinicAdvanced	START	1626194020579
REQUEST		Open Home Page	1626194020579	1626194020585	OK	 
REQUEST		Get Find Owners Page	1626194020634	1626194020637	OK	 
USER	PetClinicAdvanced	START	1626194020681
REQUEST		Open Home Page	1626194020681	1626194020686	OK	 
REQUEST		Get Find Owners Page	1626194020726	1626194020729	OK	 
REQUEST		Get Find Owners Page	1626194020726	1626194020729	OK	 
REQUEST		GET Add Owner	1626194020772	1626194020775	OK	 
USER	PetClinicAdvanced	START	1626194020782
REQUEST		Open Home Page	1626194020782	1626194020786	OK	 
REQUEST		Get Find Owners Page	1626194020822	1626194020825	OK	 
REQUEST		GET Add Owner	1626194020852	1626194020855	OK	 
USER	PetClinicAdvanced	START	1626194020868
REQUEST		GET Add Owner	1626194020867	1626194020873	OK	 
REQUEST		Get Find Owners Page	1626194020869	1626194020874	OK	 
REQUEST		Open Home Page	1626194020868	1626194020877	OK	 
REQUEST		Get Find Owners Page	1626194020883	1626194020886	OK	 
REQUEST		GET Add Owner	1626194020883	1626194020887	OK	 
REQUEST		Get Find Owners Page	1626194020946	1626194020949	OK	 
USER	PetClinicAdvanced	START	1626194020980
REQUEST		Open Home Page	1626194020980	1626194020984	OK	 
REQUEST		Get Find Owners Page	1626194020988	1626194020993	OK	 
REQUEST		GET Add Owner	1626194021039	1626194021042	OK	 
USER	PetClinicAdvanced	START	1626194021080
REQUEST		GET Add Owner	1626194021078	1626194021081	OK	 
REQUEST		Open Home Page	1626194021080	1626194021084	OK	 
USER	PetClinicAdvanced	START	1626194021179
REQUEST		GET Add Owner	1626194021179	1626194021184	OK	 
REQUEST		GET Add Owner	1626194021180	1626194021183	OK	 
REQUEST		Open Home Page	1626194021179	1626194021185	OK	 
USER	PetClinicAdvanced	START	1626194021281
REQUEST		Open Home Page	1626194021282	1626194021285	OK	 
REQUEST		Get Find Owners Page	1626194021375	1626194021377	OK	 
USER	PetClinicAdvanced	START	1626194021378
REQUEST		Open Home Page	1626194021379	1626194021382	OK	 
REQUEST		Get Find Owners Page	1626194021417	1626194021419	OK	 
REQUEST		GET Add Owner	1626194021423	1626194021425	OK	 
REQUEST		Get Find Owners Page	1626194021446	1626194021449	OK	 
REQUEST		GET Add Owner	1626194021472	1626194021475	OK	 
USER	PetClinicAdvanced	START	1626194021482
REQUEST		Open Home Page	1626194021482	1626194021487	OK	 
USER	PetClinicAdvanced	START	1626194021506
REQUEST		Get Find Owners Page	1626194021504	1626194021507	OK	 
REQUEST		Open Home Page	1626194021507	1626194021514	OK	 
REQUEST		Get Find Owners Page	1626194021598	1626194021601	OK	 
REQUEST		Get Find Owners Page	1626194021603	1626194021606	OK	 
USER	PetClinicAdvanced	START	1626194021607
REQUEST		Open Home Page	1626194021608	1626194021613	OK	 
REQUEST		Get Find Owners Page	1626194021772	1626194021774	OK	 
USER	PetClinicAdvanced	START	1626194021779
REQUEST		GET Add Owner	1626194021779	1626194021782	OK	 
REQUEST		Open Home Page	1626194021780	1626194021784	OK	 
USER	PetClinicAdvanced	START	1626194021880
REQUEST		Open Home Page	1626194021880	1626194021884	OK	 
REQUEST		GET Add Owner	1626194021891	1626194021893	OK	 
REQUEST		GET Add Owner	1626194021964	1626194021967	OK	 
REQUEST		GET Add Owner	1626194021975	1626194021978	OK	 
USER	PetClinicAdvanced	START	1626194021980
REQUEST		Get Find Owners Page	1626194021980	1626194021983	OK	 
REQUEST		Open Home Page	1626194021980	1626194021985	OK	 
USER	PetClinicAdvanced	START	1626194022080
REQUEST		Open Home Page	1626194022080	1626194022085	OK	 
REQUEST		GET Add Owner	1626194022149	1626194022152	OK	 
REQUEST		POST Add Owner	1626194022149	1626194022156	OK	 
USER	PetClinicAdvanced	START	1626194022181
REQUEST		Open Home Page	1626194022181	1626194022188	OK	 
REQUEST		Get Find Owners Page	1626194022178	1626194022188	OK	 
REQUEST		GET Add Owner	1626194022178	1626194022191	OK	 
REQUEST		Get Owners Info	1626194022163	1626194022224	OK	 
REQUEST		Get Find Owners Page	1626194022221	1626194022225	OK	 
USER	PetClinicAdvanced	START	1626194022234
REQUEST		POST Add Owner	1626194022233	1626194022236	OK	 
REQUEST		Open Home Page	1626194022234	1626194022239	OK	 
REQUEST		GET Add Owner	1626194022233	1626194022241	OK	 
REQUEST		POST Add Owner	1626194022243	1626194022246	OK	 
REQUEST		POST Add Owner	1626194022244	1626194022250	OK	 
REQUEST		Get Find Owners Page	1626194022258	1626194022260	OK	 
REQUEST		POST Add Owner	1626194022259	1626194022265	OK	 
REQUEST		GET Add Owner	1626194022269	1626194022276	OK	 
REQUEST		Get Owners Info	1626194022237	1626194022316	OK	 
REQUEST		Get Owners Info	1626194022250	1626194022320	OK	 
REQUEST		GET Add Owner	1626194022348	1626194022351	OK	 
REQUEST		POST Add Owner	1626194022349	1626194022353	OK	 
REQUEST		Get Owners Info	1626194022246	1626194022360	OK	 
REQUEST		Get Owners Info	1626194022268	1626194022365	OK	 
REQUEST		Get Find Owners Page	1626194022365	1626194022368	OK	 
USER	PetClinicAdvanced	START	1626194022381
REQUEST		Open Home Page	1626194022381	1626194022387	OK	 
REQUEST		POST Add Owner	1626194022382	1626194022387	OK	 
REQUEST		Get Owners Info	1626194022353	1626194022431	OK	 
REQUEST		Get Owners Info	1626194022388	1626194022450	OK	 
USER	PetClinicAdvanced	START	1626194022481
REQUEST		Get Find Owners Page	1626194022483	1626194022486	OK	 
REQUEST		Open Home Page	1626194022482	1626194022487	OK	 
REQUEST		Get Find Owners Page	1626194022486	1626194022489	OK	 
REQUEST		Get Find Owners Page	1626194022496	1626194022499	OK	 
REQUEST		GET Add Owner	1626194022524	1626194022527	OK	 
USER	PetClinicAdvanced	START	1626194022580
REQUEST		Open Home Page	1626194022580	1626194022584	OK	 
REQUEST		Get Find Owners Page	1626194022608	1626194022611	OK	 
REQUEST		GET Add Owner	1626194022654	1626194022657	OK	 
REQUEST		GET Add Owner	1626194022678	1626194022681	OK	 
USER	PetClinicAdvanced	START	1626194022681
REQUEST		Open Home Page	1626194022681	1626194022685	OK	 
REQUEST		Get Find Owners Page	1626194022742	1626194022744	OK	 
REQUEST		GET Add Owner	1626194022763	1626194022766	OK	 
USER	PetClinicAdvanced	START	1626194022780
REQUEST		Open Home Page	1626194022780	1626194022783	OK	 
REQUEST		POST Add Owner	1626194022805	1626194022808	OK	 
REQUEST		GET Add Owner	1626194022808	1626194022812	OK	 
REQUEST		POST Add Owner	1626194022809	1626194022814	OK	 
REQUEST		Get Owners Info	1626194022809	1626194022866	OK	 
REQUEST		Get Owners Info	1626194022815	1626194022877	OK	 
USER	PetClinicAdvanced	START	1626194022881
REQUEST		Open Home Page	1626194022881	1626194022885	OK	 
REQUEST		GET Add Owner	1626194022892	1626194022894	OK	 
REQUEST		Get Find Owners Page	1626194022899	1626194022902	OK	 
USER	PetClinicAdvanced	START	1626194022908
REQUEST		Open Home Page	1626194022908	1626194022912	OK	 
REQUEST		Get Find Owners Page	1626194022946	1626194022949	OK	 
REQUEST		GET Add Owner	1626194022967	1626194022970	OK	 
REQUEST		POST Add Owner	1626194023001	1626194023006	OK	 
REQUEST		Get Find Owners Page	1626194023005	1626194023008	OK	 
REQUEST		POST Add Owner	1626194023010	1626194023012	OK	 
REQUEST		GET Add Owner	1626194023059	1626194023062	OK	 
REQUEST		Get Owners Info	1626194023007	1626194023064	OK	 
REQUEST		Get Owners Info	1626194023013	1626194023072	OK	 
USER	PetClinicAdvanced	START	1626194023082
REQUEST		Open Home Page	1626194023082	1626194023086	OK	 
USER	PetClinicAdvanced	START	1626194023180
REQUEST		Open Home Page	1626194023180	1626194023184	OK	 
REQUEST		GET Add Owner	1626194023202	1626194023205	OK	 
USER	PetClinicAdvanced	START	1626194023211
REQUEST		POST Add Owner	1626194023210	1626194023214	OK	 
REQUEST		Open Home Page	1626194023211	1626194023219	OK	 
REQUEST		Get Find Owners Page	1626194023257	1626194023259	OK	 
REQUEST		Get Owners Info	1626194023214	1626194023266	OK	 
REQUEST		Get Find Owners Page	1626194023352	1626194023354	OK	 
REQUEST		GET Add Owner	1626194023364	1626194023367	OK	 
REQUEST		Get Find Owners Page	1626194023365	1626194023368	OK	 
REQUEST		GET Add Owner	1626194023374	1626194023377	OK	 
USER	PetClinicAdvanced	START	1626194023381
REQUEST		Open Home Page	1626194023381	1626194023384	OK	 
REQUEST		Get Find Owners Page	1626194023398	1626194023400	OK	 
REQUEST		POST Add Owner	1626194023438	1626194023441	OK	 
REQUEST		Get Find Owners Page	1626194023458	1626194023461	OK	 
REQUEST		GET Add Pet	1626194023447	1626194023465	OK	 
USER	PetClinicAdvanced	START	1626194023481
REQUEST		POST Add Owner	1626194023480	1626194023485	OK	 
REQUEST		Open Home Page	1626194023481	1626194023487	OK	 
REQUEST		POST Add Owner	1626194023487	1626194023493	OK	 
REQUEST		Get Find Owners Page	1626194023489	1626194023493	OK	 
REQUEST		POST Add Owner	1626194023495	1626194023499	OK	 
REQUEST		GET Add Pet	1626194023482	1626194023510	OK	 
REQUEST		Get Owners Info	1626194023441	1626194023531	OK	 
USER	PetClinicAdvanced	START	1626194023566
REQUEST		Open Home Page	1626194023566	1626194023570	OK	 
REQUEST		Get Owners Info	1626194023493	1626194023576	OK	 
REQUEST		POST Add Owner	1626194023566	1626194023577	OK	 
REQUEST		POST Add Owner	1626194023566	1626194023578	OK	 
REQUEST		Get Owners Info	1626194023485	1626194023580	OK	 
REQUEST		Get Owners Info	1626194023500	1626194023598	OK	 
REQUEST		GET Add Owner	1626194023600	1626194023606	OK	 
REQUEST		Get Find Owners Page	1626194023602	1626194023609	OK	 
USER	PetClinicAdvanced	START	1626194023642
REQUEST		Open Home Page	1626194023642	1626194023646	OK	 
REQUEST		Get Owners Info	1626194023579	1626194023649	OK	 
REQUEST		Get Owners Info	1626194023578	1626194023654	OK	 
REQUEST		GET Add Owner	1626194023692	1626194023695	OK	 
REQUEST		Get Find Owners Page	1626194023727	1626194023730	OK	 
USER	PetClinicAdvanced	START	1626194023780
REQUEST		Open Home Page	1626194023780	1626194023785	OK	 
REQUEST		Get Find Owners Page	1626194023825	1626194023827	OK	 
REQUEST		GET Add Owner	1626194023863	1626194023867	OK	 
REQUEST		GET Add Pet	1626194023870	1626194023881	OK	 
REQUEST		GET Add Pet	1626194023864	1626194023881	OK	 
USER	PetClinicAdvanced	START	1626194023884
REQUEST		POST Add Owner	1626194023881	1626194023885	OK	 
REQUEST		GET Add Owner	1626194023881	1626194023886	OK	 
REQUEST		Open Home Page	1626194023885	1626194023890	OK	 
REQUEST		Get Find Owners Page	1626194023886	1626194023894	OK	 
REQUEST		Get Find Owners Page	1626194023914	1626194023917	OK	 
REQUEST		POST Add Owner	1626194023935	1626194023937	OK	 
REQUEST		GET Add Pet	1626194023934	1626194023953	OK	 
REQUEST		Get Owners Info	1626194023886	1626194023962	OK	 
REQUEST		GET Add Owner	1626194023967	1626194023972	OK	 
REQUEST		GET Add Pet	1626194023952	1626194023972	OK	 
REQUEST		POST Add Owner	1626194023967	1626194023974	OK	 
USER	PetClinicAdvanced	START	1626194023980
REQUEST		Open Home Page	1626194023981	1626194023984	OK	 
REQUEST		Get Owners Info	1626194023938	1626194024003	OK	 
REQUEST		POST Add Owner	1626194023999	1626194024003	OK	 
REQUEST		POST Add Owner	1626194024002	1626194024006	OK	 
REQUEST		POST Add Owner	1626194024042	1626194024044	OK	 
REQUEST		Get Owners Info	1626194024003	1626194024071	OK	 
REQUEST		Get Owners Info	1626194024006	1626194024080	OK	 
USER	PetClinicAdvanced	START	1626194024081
REQUEST		Get Find Owners Page	1626194024082	1626194024086	OK	 
REQUEST		Open Home Page	1626194024082	1626194024088	OK	 
REQUEST		Get Owners Info	1626194023974	1626194024092	OK	 
REQUEST		Get Owners Info	1626194024044	1626194024125	OK	 
REQUEST		Get Find Owners Page	1626194024178	1626194024181	OK	 
USER	PetClinicAdvanced	START	1626194024182
REQUEST		POST Add Owner	1626194024183	1626194024186	OK	 
REQUEST		Open Home Page	1626194024182	1626194024186	OK	 
REQUEST		GET Add Pet	1626194024182	1626194024196	OK	 
REQUEST		GET Add Owner	1626194024231	1626194024235	OK	 
REQUEST		GET Add Owner	1626194024233	1626194024236	OK	 
REQUEST		Get Owners Info	1626194024187	1626194024246	OK	 
REQUEST		GET Add Owner	1626194024253	1626194024255	OK	 
REQUEST		POST Add Owner	1626194024268	1626194024271	OK	 
USER	PetClinicAdvanced	START	1626194024283
REQUEST		Open Home Page	1626194024283	1626194024287	OK	 
REQUEST		GET Add Pet	1626194024309	1626194024318	OK	 
REQUEST		GET Add Owner	1626194024320	1626194024322	OK	 
REQUEST		Get Owners Info	1626194024272	1626194024335	OK	 
REQUEST		POST Add Owner	1626194024354	1626194024357	OK	 
USER	PetClinicAdvanced	START	1626194024382
REQUEST		Get Find Owners Page	1626194024383	1626194024385	OK	 
REQUEST		Open Home Page	1626194024382	1626194024393	OK	 
REQUEST		GET Add Owner	1626194024392	1626194024394	OK	 
REQUEST		Get Find Owners Page	1626194024392	1626194024395	OK	 
USER	PetClinicAdvanced	START	1626194024412
REQUEST		POST Add Owner	1626194024416	1626194024419	OK	 
REQUEST		Open Home Page	1626194024412	1626194024420	OK	 
REQUEST		Get Owners Info	1626194024358	1626194024431	OK	 
REQUEST		GET Add Pet	1626194024415	1626194024436	OK	 
REQUEST		GET Add Pet	1626194024423	1626194024441	OK	 
REQUEST		GET Add Owner	1626194024443	1626194024445	OK	 
REQUEST		Get Find Owners Page	1626194024468	1626194024471	OK	 
REQUEST		Get Owners Info	1626194024419	1626194024497	OK	 
REQUEST		GET Add Pet	1626194024557	1626194024569	OK	 
USER	PetClinicAdvanced	START	1626194024581
REQUEST		Open Home Page	1626194024581	1626194024585	OK	 
REQUEST		GET Add Owner	1626194024649	1626194024651	OK	 
REQUEST		GET Add Owner	1626194024659	1626194024662	OK	 
USER	PetClinicAdvanced	START	1626194024681
REQUEST		Open Home Page	1626194024681	1626194024685	OK	 
REQUEST		Get Find Owners Page	1626194024682	1626194024686	OK	 
REQUEST		GET Add Owner	1626194024682	1626194024688	OK	 
REQUEST		GET Add Pet	1626194024687	1626194024707	OK	 
REQUEST		POST Add Pet	1626194024688	1626194024709	OK	 
REQUEST		POST Add Pet	1626194024691	1626194024716	OK	 
REQUEST		Get Owners Info	1626194024716	1626194024780	OK	 
USER	PetClinicAdvanced	START	1626194024781
REQUEST		Open Home Page	1626194024781	1626194024785	OK	 
REQUEST		Get Owners Info	1626194024710	1626194024789	OK	 
USER	PetClinicAdvanced	START	1626194024881
REQUEST		Open Home Page	1626194024881	1626194024886	OK	 
REQUEST		POST Add Owner	1626194024891	1626194024894	OK	 
REQUEST		POST Add Owner	1626194024897	1626194024900	OK	 
REQUEST		GET Add Owner	1626194024892	1626194024914	OK	 
REQUEST		Get Owners Info	1626194024895	1626194024956	OK	 
REQUEST		POST Add Owner	1626194024957	1626194024963	OK	 
REQUEST		Get Owners Info	1626194024901	1626194024979	OK	 
USER	PetClinicAdvanced	START	1626194024981
REQUEST		Open Home Page	1626194024981	1626194024985	OK	 
REQUEST		Get Owners Info	1626194024964	1626194025021	OK	 
REQUEST		GET Add Owner	1626194025018	1626194025023	OK	 
REQUEST		GET Add Pet	1626194025018	1626194025030	OK	 
REQUEST		Get Find Owners Page	1626194025038	1626194025041	OK	 
REQUEST		GET Add Pet	1626194025038	1626194025050	OK	 
REQUEST		GET Add Owner	1626194025050	1626194025053	OK	 
REQUEST		GET Add Owner	1626194025068	1626194025071	OK	 
USER	PetClinicAdvanced	START	1626194025082
REQUEST		Get Find Owners Page	1626194025080	1626194025085	OK	 
REQUEST		Open Home Page	1626194025082	1626194025090	OK	 
REQUEST		GET Add Owner	1626194025090	1626194025102	OK	 
USER	PetClinicAdvanced	START	1626194025110
REQUEST		GET Add Pet	1626194025084	1626194025112	OK	 
REQUEST		GET Add Owner	1626194025110	1626194025114	OK	 
REQUEST		Open Home Page	1626194025110	1626194025115	OK	 
REQUEST		GET Add Pet	1626194025080	1626194025120	OK	 
REQUEST		Get Find Owners Page	1626194025149	1626194025152	OK	 
REQUEST		Get Find Owners Page	1626194025161	1626194025163	OK	 
REQUEST		GET Add Owner	1626194025205	1626194025210	OK	 
REQUEST		POST Add Owner	1626194025214	1626194025219	OK	 
USER	PetClinicAdvanced	START	1626194025221
REQUEST		POST Add Pet	1626194025206	1626194025224	KO	status.find.is(302), but actually found 200
REQUEST		Open Home Page	1626194025221	1626194025228	OK	 
REQUEST		GET Add Owner	1626194025241	1626194025244	OK	 
REQUEST		GET Add Pet	1626194025221	1626194025244	OK	 
REQUEST		GET Add Pet	1626194025246	1626194025263	OK	 
REQUEST		Get Owners Info	1626194025219	1626194025287	OK	 
REQUEST		GET Add Pet	1626194025278	1626194025294	OK	 
REQUEST		GET Add Owner	1626194025349	1626194025351	OK	 
USER	PetClinicAdvanced	START	1626194025358
REQUEST		Open Home Page	1626194025359	1626194025362	OK	 
REQUEST		Get Find Owners Page	1626194025372	1626194025376	OK	 
REQUEST		GET Add Pet	1626194025392	1626194025406	OK	 
USER	PetClinicAdvanced	START	1626194025408
REQUEST		Open Home Page	1626194025408	1626194025412	OK	 
REQUEST		POST Add Owner	1626194025409	1626194025414	OK	 
REQUEST		POST Add Owner	1626194025414	1626194025417	OK	 
REQUEST		Get Find Owners Page	1626194025444	1626194025446	OK	 
REQUEST		Get Owners Info	1626194025418	1626194025480	OK	 
REQUEST		Get Owners Info	1626194025415	1626194025488	OK	 
USER	PetClinicAdvanced	START	1626194025580
REQUEST		GET Add Pet	1626194025568	1626194025583	OK	 
REQUEST		Open Home Page	1626194025581	1626194025585	OK	 
REQUEST		POST Add Owner	1626194025594	1626194025597	OK	 
REQUEST		POST Add Pet	1626194025588	1626194025606	KO	status.find.is(302), but actually found 200
USER	PetClinicAdvanced	START	1626194025608
REQUEST		POST Add Owner	1626194025611	1626194025616	OK	 
REQUEST		Open Home Page	1626194025608	1626194025616	OK	 
REQUEST		GET Add Pet	1626194025614	1626194025631	OK	 
REQUEST		POST Add Pet	1626194025642	1626194025660	KO	status.find.is(302), but actually found 200
REQUEST		GET Add Pet	1626194025643	1626194025673	OK	 
REQUEST		POST Add Pet	1626194025645	1626194025674	KO	status.find.is(302), but actually found 200
REQUEST		Get Owners Info	1626194025617	1626194025687	OK	 
REQUEST		Get Owners Info	1626194025597	1626194025691	OK	 
REQUEST		POST Add Owner	1626194025702	1626194025705	OK	 
REQUEST		GET Add Owner	1626194025735	1626194025738	OK	 
REQUEST		Get Owners Info	1626194025705	1626194025761	OK	 
USER	PetClinicAdvanced	START	1626194025780
REQUEST		Open Home Page	1626194025781	1626194025785	OK	 
REQUEST		POST Add Pet	1626194025814	1626194025838	KO	status.find.is(302), but actually found 200
REQUEST		GET Add Pet	1626194025838	1626194025853	OK	 
REQUEST		GET Add Owner	1626194025861	1626194025863	OK	 
USER	PetClinicAdvanced	START	1626194025882
REQUEST		Get Find Owners Page	1626194025883	1626194025886	OK	 
REQUEST		Open Home Page	1626194025882	1626194025886	OK	 
REQUEST		POST Add Pet	1626194025875	1626194025895	KO	status.find.is(302), but actually found 200
REQUEST		Get Find Owners Page	1626194025977	1626194025979	OK	 
USER	PetClinicAdvanced	START	1626194025982
REQUEST		Open Home Page	1626194025982	1626194025986	OK	 
REQUEST		POST Add Pet	1626194025992	1626194026006	KO	status.find.is(302), but actually found 200
REQUEST		Get Find Owners Page	1626194026030	1626194026033	OK	 
REQUEST		POST Add Pet	1626194026021	1626194026034	KO	status.find.is(302), but actually found 200
REQUEST		Get Find Owners Page	1626194026039	1626194026042	OK	 
REQUEST		POST Add Owner	1626194026040	1626194026044	OK	 
REQUEST		GET Add Pet	1626194026031	1626194026045	OK	 
REQUEST		Get Find Owners Page	1626194026074	1626194026076	OK	 
USER	PetClinicAdvanced	START	1626194026078
REQUEST		Open Home Page	1626194026078	1626194026081	OK	 
REQUEST		GET Add Pet	1626194026074	1626194026087	OK	 
REQUEST		POST Add Owner	1626194026086	1626194026092	OK	 
REQUEST		GET Add Pet	1626194026078	1626194026096	OK	 
REQUEST		POST Add Pet	1626194026087	1626194026107	KO	status.find.is(302), but actually found 200
REQUEST		Get Find Owners Page	1626194026107	1626194026112	OK	 
REQUEST		POST Add Owner	1626194026108	1626194026113	OK	 
REQUEST		POST Add Owner	1626194026109	1626194026116	OK	 
REQUEST		GET Add Pet	1626194026108	1626194026125	OK	 
REQUEST		POST Add Pet	1626194026097	1626194026127	KO	status.find.is(302), but actually found 200
REQUEST		Get Find Owners Page	1626194026129	1626194026131	OK	 
REQUEST		Get Owners Info	1626194026045	1626194026140	OK	 
USER	PetClinicAdvanced	START	1626194026163
REQUEST		POST Add Owner	1626194026153	1626194026167	OK	 
REQUEST		Open Home Page	1626194026164	1626194026169	OK	 
REQUEST		POST Add Pet	1626194026090	1626194026173	KO	status.find.is(302), but actually found 200
REQUEST		POST Add Pet	1626194026140	1626194026175	KO	status.find.is(302), but actually found 200
REQUEST		GET Add Pet	1626194026154	1626194026178	OK	 
REQUEST		Get Owners Info	1626194026115	1626194026203	OK	 
REQUEST		Get Find Owners Page	1626194026209	1626194026213	OK	 
USER	PetClinicAdvanced	START	1626194026224
REQUEST		POST Add Owner	1626194026227	1626194026230	OK	 
REQUEST		Open Home Page	1626194026224	1626194026231	OK	 
REQUEST		POST Add Owner	1626194026223	1626194026231	OK	 
REQUEST		Get Owners Info	1626194026167	1626194026249	OK	 
REQUEST		GET Add Pet	1626194026245	1626194026262	OK	 
REQUEST		GET Edit Pet Page	1626194026223	1626194026282	OK	 
REQUEST		Get Owners Info	1626194026093	1626194026285	OK	 
REQUEST		Get Owners Info	1626194026117	1626194026319	OK	 
REQUEST		POST Add Owner	1626194026321	1626194026324	OK	 
REQUEST		Get Owners Info	1626194026231	1626194026351	OK	 
REQUEST		Get Owners Info	1626194026232	1626194026373	OK	 
USER	PetClinicAdvanced	START	1626194026381
REQUEST		Open Home Page	1626194026381	1626194026386	OK	 
REQUEST		Get Owners Info	1626194026325	1626194026398	OK	 
REQUEST		GET Add Pet	1626194026375	1626194026403	OK	 
REQUEST		GET Edit Pet Page	1626194026374	1626194026411	OK	 
REQUEST		POST Add Owner	1626194026412	1626194026414	OK	 
REQUEST		GET Add Owner	1626194026412	1626194026416	OK	 
REQUEST		Get Find Owners Page	1626194026432	1626194026435	OK	 
REQUEST		GET Add Owner	1626194026432	1626194026436	OK	 
REQUEST		POST Add Owner	1626194026437	1626194026440	OK	 
REQUEST		GET Add Owner	1626194026462	1626194026464	OK	 
REQUEST		Get Owners Info	1626194026415	1626194026476	OK	 
USER	PetClinicAdvanced	START	1626194026482
REQUEST		Open Home Page	1626194026482	1626194026485	OK	 
REQUEST		Get Owners Info	1626194026440	1626194026519	OK	 
REQUEST		GET Add Owner	1626194026547	1626194026550	OK	 
USER	PetClinicAdvanced	START	1626194026579
REQUEST		Open Home Page	1626194026580	1626194026584	OK	 
REQUEST		GET Add Owner	1626194026596	1626194026599	OK	 
REQUEST		GET Add Owner	1626194026608	1626194026611	OK	 
USER	PetClinicAdvanced	START	1626194026679
REQUEST		Get Find Owners Page	1626194026680	1626194026683	OK	 
REQUEST		Open Home Page	1626194026680	1626194026684	OK	 
REQUEST		Get Find Owners Page	1626194026700	1626194026702	OK	 
REQUEST		Get Find Owners Page	1626194026702	1626194026706	OK	 
REQUEST		POST Add Owner	1626194026699	1626194026709	OK	 
REQUEST		POST Add Pet	1626194026699	1626194026718	KO	status.find.is(302), but actually found 200
REQUEST		GET Edit Pet Page	1626194026740	1626194026765	OK	 
REQUEST		POST Add Owner	1626194026767	1626194026774	OK	 
USER	PetClinicAdvanced	START	1626194026786
REQUEST		Open Home Page	1626194026786	1626194026792	OK	 
REQUEST		Get Find Owners Page	1626194026787	1626194026792	OK	 
REQUEST		Get Owners Info	1626194026710	1626194026793	OK	 
REQUEST		Get Find Owners Page	1626194026796	1626194026799	OK	 
REQUEST		GET Edit Pet Page	1626194026766	1626194026808	OK	 
REQUEST		GET Add Pet	1626194026785	1626194026811	OK	 
REQUEST		GET Add Owner	1626194026826	1626194026830	OK	 
REQUEST		Get Owners Info	1626194026774	1626194026859	OK	 
REQUEST		GET Add Owner	1626194026877	1626194026880	OK	 
USER	PetClinicAdvanced	START	1626194026882
REQUEST		Open Home Page	1626194026882	1626194026887	OK	 
REQUEST		POST Add Owner	1626194026904	1626194026908	OK	 
REQUEST		Get Find Owners Page	1626194026905	1626194026909	OK	 
REQUEST		GET Edit Pet Page	1626194026883	1626194026910	OK	 
REQUEST		Get Find Owners Page	1626194026954	1626194026962	OK	 
REQUEST		POST Add Pet	1626194026954	1626194026968	KO	status.find.is(302), but actually found 200
USER	PetClinicAdvanced	START	1626194026979
REQUEST		Open Home Page	1626194026979	1626194026984	OK	 
REQUEST		Get Owners Info	1626194026908	1626194026997	OK	 
REQUEST		POST Add Pet	1626194027031	1626194027047	KO	status.find.is(302), but actually found 200
REQUEST		POST Add Pet	1626194027031	1626194027048	KO	status.find.is(302), but actually found 200
REQUEST		POST Add Pet	1626194027031	1626194027048	KO	status.find.is(302), but actually found 200
REQUEST		POST Add Owner	1626194027060	1626194027064	OK	 
REQUEST		GET Add Pet	1626194027058	1626194027073	OK	 
USER	PetClinicAdvanced	START	1626194027081
REQUEST		Open Home Page	1626194027081	1626194027101	OK	 
REQUEST		POST Add Pet	1626194027082	1626194027103	KO	status.find.is(302), but actually found 200
REQUEST		GET Add Owner	1626194027114	1626194027117	OK	 
REQUEST		Get Owners Info	1626194027064	1626194027133	OK	 
REQUEST		POST Add Owner	1626194027133	1626194027136	OK	 
REQUEST		Get Find Owners Page	1626194027133	1626194027136	OK	 
REQUEST		POST Add Pet	1626194027135	1626194027148	KO	status.find.is(302), but actually found 200
REQUEST		POST Add Owner	1626194027152	1626194027154	OK	 
REQUEST		Get Find Owners Page	1626194027163	1626194027166	OK	 
USER	PetClinicAdvanced	START	1626194027181
REQUEST		Open Home Page	1626194027181	1626194027191	OK	 
REQUEST		GET Add Owner	1626194027191	1626194027195	OK	 
REQUEST		GET Add Owner	1626194027211	1626194027214	OK	 
REQUEST		Get Owners Info	1626194027136	1626194027232	OK	 
REQUEST		Get Owners Info	1626194027155	1626194027237	OK	 
USER	PetClinicAdvanced	START	1626194027274
REQUEST		Open Home Page	1626194027274	1626194027279	OK	 
REQUEST		GET Add Owner	1626194027274	1626194027283	OK	 
REQUEST		GET Add Owner	1626194027283	1626194027288	OK	 
REQUEST		GET Add Owner	1626194027297	1626194027302	OK	 
REQUEST		GET Add Pet	1626194027282	1626194027308	OK	 
REQUEST		GET Edit Pet Page	1626194027274	1626194027308	OK	 
REQUEST		GET Edit Pet Page	1626194027317	1626194027343	OK	 
REQUEST		Get Find Owners Page	1626194027340	1626194027346	OK	 
REQUEST		GET Add Pet	1626194027341	1626194027353	OK	 
REQUEST		GET Add Owner	1626194027359	1626194027362	OK	 
USER	PetClinicAdvanced	START	1626194027382
REQUEST		Open Home Page	1626194027383	1626194027388	OK	 
REQUEST		GET Edit Pet Page	1626194027371	1626194027395	OK	 
USER	PetClinicAdvanced	START	1626194027407
REQUEST		POST Add Pet	1626194027384	1626194027410	KO	status.find.is(302), but actually found 200
REQUEST		Open Home Page	1626194027408	1626194027414	OK	 
REQUEST		Get Find Owners Page	1626194027412	1626194027416	OK	 
REQUEST		GET Add Pet	1626194027412	1626194027430	OK	 
REQUEST		GET Add Pet	1626194027404	1626194027430	OK	 
REQUEST		GET Edit Pet Page	1626194027413	1626194027446	OK	 
REQUEST		GET Add Pet	1626194027429	1626194027450	OK	 
REQUEST		Get Find Owners Page	1626194027450	1626194027452	OK	 
REQUEST		GET Add Owner	1626194027456	1626194027459	OK	 
REQUEST		POST Add Pet	1626194027440	1626194027466	KO	status.find.is(302), but actually found 200
REQUEST		GET Add Pet	1626194027430	1626194027474	OK	 
REQUEST		POST Add Pet	1626194027441	1626194027475	KO	status.find.is(302), but actually found 200
REQUEST		POST Add Owner	1626194027530	1626194027533	OK	 
REQUEST		POST Add Pet	1626194027521	1626194027554	KO	status.find.is(302), but actually found 200
REQUEST		POST Add Pet	1626194027526	1626194027554	KO	status.find.is(302), but actually found 200
REQUEST		GET Edit Pet Page	1626194027543	1626194027567	OK	 
USER	PetClinicAdvanced	START	1626194027567
REQUEST		Get Find Owners Page	1626194027568	1626194027571	OK	 
REQUEST		Open Home Page	1626194027567	1626194027574	OK	 
REQUEST		GET Add Pet	1626194027568	1626194027587	OK	 
REQUEST		POST Add Pet	1626194027574	1626194027594	KO	status.find.is(302), but actually found 200
REQUEST		POST Add Pet	1626194027582	1626194027608	KO	status.find.is(302), but actually found 200
REQUEST		GET Add Pet	1626194027579	1626194027621	OK	 
REQUEST		Get Owners Info	1626194027533	1626194027633	OK	 
USER	PetClinicAdvanced	START	1626194027672
REQUEST		Open Home Page	1626194027672	1626194027677	OK	 
REQUEST		Get Find Owners Page	1626194027673	1626194027677	OK	 
USER	PetClinicAdvanced	START	1626194027718
REQUEST		GET Add Owner	1626194027718	1626194027721	OK	 
REQUEST		Open Home Page	1626194027718	1626194027723	OK	 
REQUEST		Get Find Owners Page	1626194027748	1626194027751	OK	 
REQUEST		GET Edit Pet Page	1626194027748	1626194027772	OK	 
REQUEST		POST Add Pet	1626194027767	1626194027782	KO	status.find.is(302), but actually found 200
REQUEST		Get Find Owners Page	1626194027784	1626194027786	OK	 
USER	PetClinicAdvanced	START	1626194027841
REQUEST		POST Add Owner	1626194027844	1626194027849	OK	 
REQUEST		Open Home Page	1626194027842	1626194027851	OK	 
REQUEST		GET Add Pet	1626194027842	1626194027866	OK	 
REQUEST		POST Add Pet	1626194027844	1626194027873	KO	status.find.is(302), but actually found 200
REQUEST		Get Find Owners Page	1626194027878	1626194027881	OK	 
REQUEST		GET Edit Pet Page	1626194027842	1626194027888	OK	 
REQUEST		GET Edit Pet Page	1626194027878	1626194027902	OK	 
REQUEST		Get Owners Info	1626194027849	1626194027920	OK	 
REQUEST		POST Add Owner	1626194027927	1626194027930	OK	 
REQUEST		POST Add Pet	1626194027918	1626194027935	KO	status.find.is(302), but actually found 200
REQUEST		Get Find Owners Page	1626194027958	1626194027965	OK	 
USER	PetClinicAdvanced	START	1626194027962
REQUEST		Get Find Owners Page	1626194027962	1626194027965	OK	 
REQUEST		Open Home Page	1626194027963	1626194027972	OK	 
REQUEST		GET Add Pet	1626194027958	1626194027975	OK	 
REQUEST		Get Owners Info	1626194027931	1626194028001	OK	 
REQUEST		POST Add Pet	1626194028039	1626194028051	KO	status.find.is(302), but actually found 200
REQUEST		GET Add Owner	1626194028061	1626194028064	OK	 
REQUEST		GET Add Pet	1626194028068	1626194028081	OK	 
USER	PetClinicAdvanced	START	1626194028082
REQUEST		GET Add Owner	1626194028080	1626194028083	OK	 
REQUEST		GET Add Owner	1626194028085	1626194028089	OK	 
REQUEST		Open Home Page	1626194028082	1626194028089	OK	 
REQUEST		POST Add Owner	1626194028083	1626194028098	OK	 
USER	PetClinicAdvanced	START	1626194028109
REQUEST		Open Home Page	1626194028109	1626194028114	OK	 
REQUEST		POST Edit Pet Name	1626194028083	1626194028118	OK	 
REQUEST		GET Edit Pet Page	1626194028080	1626194028127	OK	 
REQUEST		GET Edit Pet Page	1626194028085	1626194028132	OK	 
REQUEST		GET Add Owner	1626194028158	1626194028160	OK	 
REQUEST		GET Add Pet	1626194028150	1626194028166	OK	 
REQUEST		Get Owners Info	1626194028098	1626194028186	OK	 
REQUEST		GET Add Owner	1626194028186	1626194028189	OK	 
REQUEST		GET Owners Info	1626194028119	1626194028200	OK	 
REQUEST		POST Add Owner	1626194028226	1626194028228	OK	 
REQUEST		GET Add Owner	1626194028235	1626194028244	OK	 
REQUEST		GET Add Pet	1626194028225	1626194028248	OK	 
REQUEST		GET Add Owner	1626194028244	1626194028251	OK	 
USER	PetClinicAdvanced	START	1626194028251
REQUEST		POST Add Owner	1626194028251	1626194028254	OK	 
REQUEST		POST Add Owner	1626194028248	1626194028262	OK	 
REQUEST		Open Home Page	1626194028251	1626194028263	OK	 
REQUEST		GET Add Pet	1626194028244	1626194028271	OK	 
REQUEST		POST Edit Pet Name	1626194028276	1626194028337	OK	 
USER	PetClinicAdvanced	START	1626194028342
REQUEST		GET Add Owner	1626194028341	1626194028345	OK	 
REQUEST		Open Home Page	1626194028342	1626194028352	OK	 
REQUEST		POST Add Owner	1626194028345	1626194028356	OK	 
REQUEST		POST Add Owner	1626194028362	1626194028369	OK	 
REQUEST		POST Edit Pet Name	1626194028253	1626194028397	OK	 
REQUEST		GET Edit Pet Page	1626194028264	1626194028399	OK	 
REQUEST		Get Find Owners Page	1626194028397	1626194028401	OK	 
REQUEST		GET Add Pet	1626194028370	1626194028421	OK	 
USER	PetClinicAdvanced	START	1626194028431
REQUEST		Get Find Owners Page	1626194028430	1626194028434	OK	 
REQUEST		Open Home Page	1626194028433	1626194028439	OK	 
REQUEST		POST Add Owner	1626194028438	1626194028442	OK	 
REQUEST		GET Add Pet	1626194028343	1626194028457	OK	 
REQUEST		Get Owners Info	1626194028255	1626194028483	OK	 
REQUEST		GET Add Pet	1626194028399	1626194028485	OK	 
REQUEST		GET Add Pet	1626194028418	1626194028493	OK	 
USER	PetClinicAdvanced	START	1626194028497
REQUEST		Open Home Page	1626194028497	1626194028500	OK	 
REQUEST		GET Edit Pet Page	1626194028369	1626194028512	OK	 
REQUEST		Get Owners Info	1626194028263	1626194028528	OK	 
REQUEST		Get Find Owners Page	1626194028527	1626194028529	OK	 
REQUEST		Get Owners Info	1626194028357	1626194028542	OK	 
REQUEST		POST Add Owner	1626194028547	1626194028550	OK	 
REQUEST		Get Owners Info	1626194028229	1626194028558	OK	 
USER	PetClinicAdvanced	START	1626194028593
REQUEST		Open Home Page	1626194028593	1626194028598	OK	 
REQUEST		POST Add Owner	1626194028653	1626194028665	OK	 
REQUEST		GET Edit Pet Page	1626194028601	1626194028679	OK	 
REQUEST		GET Owners Info	1626194028338	1626194028680	OK	 
USER	PetClinicAdvanced	START	1626194028680
REQUEST		Open Home Page	1626194028680	1626194028686	OK	 
REQUEST		POST Add Owner	1626194028685	1626194028693	OK	 
REQUEST		GET Owners Info	1626194028398	1626194028701	OK	 
REQUEST		POST Edit Pet Name	1626194028608	1626194028725	OK	 
REQUEST		Get Owners Info	1626194028399	1626194028731	OK	 
REQUEST		POST Add Pet	1626194028685	1626194028734	KO	status.find.is(302), but actually found 200
REQUEST		POST Edit Pet Name	1626194028666	1626194028742	OK	 
REQUEST		GET Edit Pet Page	1626194028660	1626194028748	OK	 
REQUEST		GET Edit Pet Page	1626194028632	1626194028754	OK	 
REQUEST		Get Owners Info	1626194028443	1626194028761	OK	 
REQUEST		POST Edit Pet Name	1626194028660	1626194028764	OK	 
REQUEST		Get Owners Info	1626194028551	1626194028773	OK	 
REQUEST		GET Add Owner	1626194028783	1626194028785	OK	 
REQUEST		POST Add Owner	1626194028809	1626194028815	OK	 
USER	PetClinicAdvanced	START	1626194028829
REQUEST		Open Home Page	1626194028829	1626194028839	OK	 
REQUEST		Get Find Owners Page	1626194028839	1626194028848	OK	 
REQUEST		Get Find Owners Page	1626194028846	1626194028850	OK	 
REQUEST		GET Add Owner	1626194028854	1626194028860	OK	 
REQUEST		POST Add Owner	1626194028845	1626194028878	OK	 
USER	PetClinicAdvanced	START	1626194028908
REQUEST		Open Home Page	1626194028914	1626194028923	OK	 
REQUEST		Get Find Owners Page	1626194028926	1626194028933	OK	 
REQUEST		GET Add Pet	1626194028831	1626194028937	OK	 
REQUEST		GET Add Owner	1626194028925	1626194028939	OK	 
REQUEST		POST Add Pet	1626194028774	1626194028969	KO	status.find.is(302), but actually found 200
REQUEST		POST Edit Pet Name	1626194028769	1626194028975	OK	 
REQUEST		Get Find Owners Page	1626194028987	1626194028989	OK	 
REQUEST		GET Edit Pet Page	1626194028847	1626194029008	OK	 
REQUEST		Get Owners Info	1626194028665	1626194029012	OK	 
REQUEST		POST Add Pet	1626194028854	1626194029021	KO	status.find.is(302), but actually found 200
USER	PetClinicAdvanced	START	1626194029027
REQUEST		GET Add Owner	1626194029025	1626194029031	OK	 
REQUEST		Open Home Page	1626194029027	1626194029044	OK	 
REQUEST		Get Find Owners Page	1626194029045	1626194029048	OK	 
REQUEST		POST Add Pet	1626194028956	1626194029054	KO	status.find.is(302), but actually found 200
USER	PetClinicAdvanced	START	1626194029055
REQUEST		GET Add Pet	1626194028906	1626194029076	OK	 
REQUEST		POST Add Pet	1626194028906	1626194029077	KO	status.find.is(302), but actually found 200
REQUEST		Get Owners Info	1626194028693	1626194029078	OK	 
REQUEST		GET Edit Pet Page	1626194028770	1626194029078	OK	 
REQUEST		Open Home Page	1626194029055	1626194029078	OK	 
REQUEST		POST Add Owner	1626194029077	1626194029082	OK	 
REQUEST		GET Add Owner	1626194029077	1626194029088	OK	 
REQUEST		GET Add Owner	1626194029078	1626194029089	OK	 
REQUEST		GET Add Owner	1626194029077	1626194029089	OK	 
REQUEST		POST Edit Pet Name	1626194028846	1626194029104	OK	 
REQUEST		GET Add Owner	1626194029105	1626194029109	OK	 
REQUEST		POST Add Pet	1626194029078	1626194029142	KO	status.find.is(302), but actually found 200
REQUEST		GET Owners Info	1626194028725	1626194029143	OK	 
REQUEST		GET Edit Pet Page	1626194028975	1626194029162	OK	 
REQUEST		GET Add Owner	1626194029188	1626194029202	OK	 
REQUEST		GET Edit Pet Page	1626194028926	1626194029202	OK	 
REQUEST		Get Find Owners Page	1626194029197	1626194029203	OK	 
USER	PetClinicAdvanced	START	1626194029209
REQUEST		POST Add Pet	1626194029076	1626194029210	KO	status.find.is(302), but actually found 200
REQUEST		Open Home Page	1626194029209	1626194029213	OK	 
REQUEST		GET Owners Info	1626194028765	1626194029223	OK	 
REQUEST		POST Add Owner	1626194029234	1626194029243	OK	 
REQUEST		POST Add Pet	1626194029097	1626194029245	KO	status.find.is(302), but actually found 200
REQUEST		Get Find Owners Page	1626194029248	1626194029251	OK	 
REQUEST		POST Add Owner	1626194029251	1626194029256	OK	 
REQUEST		POST Edit Pet Name	1626194029146	1626194029257	OK	 
REQUEST		POST Add Owner	1626194029249	1626194029268	OK	 
REQUEST		GET Edit Pet Page	1626194029125	1626194029270	OK	 
REQUEST		GET Add Owner	1626194029282	1626194029285	OK	 
USER	PetClinicAdvanced	START	1626194029300
REQUEST		Open Home Page	1626194029300	1626194029305	OK	 
REQUEST		GET Add Owner	1626194029329	1626194029335	OK	 
REQUEST		GET Owners Info	1626194028742	1626194029336	OK	 
REQUEST		POST Add Owner	1626194029368	1626194029381	OK	 
USER	PetClinicAdvanced	START	1626194029402
REQUEST		GET Edit Pet Page	1626194029143	1626194029403	OK	 
REQUEST		Get Find Owners Page	1626194029401	1626194029406	OK	 
REQUEST		Open Home Page	1626194029402	1626194029410	OK	 
REQUEST		GET Add Owner	1626194029406	1626194029411	OK	 
USER	PetClinicAdvanced	START	1626194029429
REQUEST		Open Home Page	1626194029429	1626194029436	OK	 
REQUEST		GET Add Owner	1626194029450	1626194029464	OK	 
REQUEST		GET Edit Pet Page	1626194029211	1626194029465	OK	 
REQUEST		POST Edit Pet Name	1626194029225	1626194029465	OK	 
REQUEST		POST Add Pet	1626194029307	1626194029496	KO	status.find.is(302), but actually found 200
REQUEST		POST Add Pet	1626194029398	1626194029507	KO	status.find.is(302), but actually found 200
REQUEST		POST Edit Pet Name	1626194029264	1626194029516	OK	 
REQUEST		POST Add Owner	1626194029510	1626194029519	OK	 
REQUEST		Get Find Owners Page	1626194029521	1626194029524	OK	 
REQUEST		GET Edit Pet Page	1626194029261	1626194029552	OK	 
REQUEST		Get Owners Info	1626194028815	1626194029553	OK	 
USER	PetClinicAdvanced	START	1626194029564
REQUEST		Open Home Page	1626194029564	1626194029577	OK	 
REQUEST		Get Owners Info	1626194028879	1626194029577	OK	 
REQUEST		POST Add Pet	1626194029472	1626194029578	KO	status.find.is(302), but actually found 200
REQUEST		POST Add Pet	1626194029508	1626194029581	KO	status.find.is(302), but actually found 200
REQUEST		Get Find Owners Page	1626194029582	1626194029587	OK	 
REQUEST		POST Add Owner	1626194029594	1626194029602	OK	 
REQUEST		POST Add Owner	1626194029597	1626194029607	OK	 
REQUEST		POST Add Owner	1626194029616	1626194029619	OK	 
USER	PetClinicAdvanced	START	1626194029627
REQUEST		Get Find Owners Page	1626194029628	1626194029634	OK	 
REQUEST		POST Add Pet	1626194029593	1626194029635	KO	status.find.is(302), but actually found 200
REQUEST		Open Home Page	1626194029627	1626194029637	OK	 
REQUEST		GET Owners Info	1626194029104	1626194029646	OK	 
REQUEST		GET Edit Pet Page	1626194029416	1626194029664	OK	 
REQUEST		GET Add Pet	1626194029529	1626194029671	OK	 
REQUEST		POST Edit Pet Name	1626194029402	1626194029682	OK	 
USER	PetClinicAdvanced	START	1626194029702
REQUEST		Open Home Page	1626194029702	1626194029722	OK	 
REQUEST		POST Add Pet	1626194029649	1626194029733	KO	status.find.is(302), but actually found 200
REQUEST		GET Owners Info	1626194028976	1626194029737	OK	 
REQUEST		Get Find Owners Page	1626194029746	1626194029749	OK	 
REQUEST		POST Edit Pet Name	1626194029671	1626194029776	OK	 
REQUEST		POST Add Owner	1626194029724	1626194029782	OK	 
REQUEST		POST Add Pet	1626194029582	1626194029793	KO	status.find.is(302), but actually found 200
REQUEST		POST Edit Pet Name	1626194029559	1626194029808	OK	 
USER	PetClinicAdvanced	START	1626194029844
REQUEST		Get Find Owners Page	1626194029845	1626194029849	OK	 
REQUEST		Open Home Page	1626194029844	1626194029851	OK	 
REQUEST		Get Find Owners Page	1626194029848	1626194029855	OK	 
REQUEST		POST Add Pet	1626194029652	1626194029859	KO	status.find.is(302), but actually found 200
REQUEST		GET Edit Pet Page	1626194029533	1626194029859	OK	 
USER	PetClinicAdvanced	START	1626194029876
REQUEST		Open Home Page	1626194029877	1626194029881	OK	 
REQUEST		POST Add Owner	1626194029889	1626194029891	OK	 
REQUEST		GET Add Pet	1626194029845	1626194029936	OK	 
REQUEST		GET Add Pet	1626194029628	1626194029937	OK	 
REQUEST		POST Add Owner	1626194029938	1626194029945	OK	 
REQUEST		Get Find Owners Page	1626194029965	1626194029967	OK	 
REQUEST		GET Add Pet	1626194029734	1626194029981	OK	 
REQUEST		GET Edit Pet Page	1626194029896	1626194029996	OK	 
USER	PetClinicAdvanced	START	1626194030026
REQUEST		GET Add Owner	1626194030027	1626194030030	OK	 
REQUEST		Open Home Page	1626194030026	1626194030030	OK	 
REQUEST		Get Find Owners Page	1626194030029	1626194030032	OK	 
REQUEST		GET Add Pet	1626194029920	1626194030034	OK	 
REQUEST		Get Find Owners Page	1626194030044	1626194030046	OK	 
USER	PetClinicAdvanced	START	1626194030048
REQUEST		GET Owners Info	1626194029516	1626194030050	OK	 
REQUEST		Open Home Page	1626194030049	1626194030057	OK	 
REQUEST		POST Edit Pet Name	1626194029628	1626194030072	OK	 
REQUEST		Get Find Owners Page	1626194030067	1626194030098	OK	 
REQUEST		Get Owners Info	1626194029783	1626194030101	OK	 
REQUEST		Get Owners Info	1626194029082	1626194030103	OK	 
REQUEST		Get Owners Info	1626194029383	1626194030129	OK	 
REQUEST		Get Find Owners Page	1626194030133	1626194030136	OK	 
REQUEST		POST Add Pet	1626194030067	1626194030140	KO	status.find.is(302), but actually found 200
REQUEST		Get Owners Info	1626194029257	1626194030151	OK	 
REQUEST		POST Add Pet	1626194030073	1626194030154	KO	status.find.is(302), but actually found 200
REQUEST		Get Owners Info	1626194029244	1626194030165	OK	 
REQUEST		POST Edit Pet Name	1626194029877	1626194030176	OK	 
USER	PetClinicAdvanced	START	1626194030175
REQUEST		Open Home Page	1626194030175	1626194030180	OK	 
REQUEST		GET Add Owner	1626194030176	1626194030181	OK	 
REQUEST		GET Owners Info	1626194029257	1626194030196	OK	 
REQUEST		GET Add Pet	1626194030060	1626194030207	OK	 
REQUEST		POST Add Pet	1626194030099	1626194030214	KO	status.find.is(302), but actually found 200
REQUEST		Get Owners Info	1626194029269	1626194030218	OK	 
REQUEST		Get Owners Info	1626194029945	1626194030220	OK	 
REQUEST		POST Add Owner	1626194030226	1626194030229	OK	 
REQUEST		POST Add Owner	1626194030225	1626194030232	OK	 
USER	PetClinicAdvanced	START	1626194030233
REQUEST		Open Home Page	1626194030233	1626194030241	OK	 
REQUEST		Get Owners Info	1626194029607	1626194030269	OK	 
REQUEST		GET Edit Pet Page	1626194029938	1626194030280	OK	 
REQUEST		GET Add Pet	1626194030166	1626194030281	OK	 
REQUEST		GET Add Owner	1626194030258	1626194030287	OK	 
REQUEST		GET Owners Info	1626194029466	1626194030295	OK	 
REQUEST		GET Add Pet	1626194030233	1626194030300	OK	 
REQUEST		GET Edit Pet Page	1626194030166	1626194030303	OK	 
REQUEST		Get Owners Info	1626194029603	1626194030321	OK	 
REQUEST		GET Owners Info	1626194029776	1626194030323	OK	 
REQUEST		Get Owners Info	1626194029619	1626194030341	OK	 
REQUEST		GET Edit Pet Page	1626194030226	1626194030343	OK	 
REQUEST		POST Add Pet	1626194030345	1626194030369	KO	status.find.is(302), but actually found 200
REQUEST		GET Add Owner	1626194030381	1626194030385	OK	 
REQUEST		Get Owners Info	1626194029520	1626194030389	OK	 
REQUEST		GET Edit Pet Page	1626194030332	1626194030390	OK	 
REQUEST		GET Owners Info	1626194029808	1626194030395	OK	 
USER	PetClinicAdvanced	START	1626194030396
REQUEST		Open Home Page	1626194030396	1626194030401	OK	 
REQUEST		POST Add Owner	1626194030395	1626194030404	OK	 
REQUEST		POST Edit Pet Name	1626194030174	1626194030416	OK	 
REQUEST		GET Add Pet	1626194030397	1626194030431	OK	 
REQUEST		POST Edit Pet Name	1626194030226	1626194030436	OK	 
USER	PetClinicAdvanced	START	1626194030436
REQUEST		Open Home Page	1626194030436	1626194030445	OK	 
REQUEST		Get Find Owners Page	1626194030484	1626194030497	OK	 
REQUEST		GET Add Pet	1626194030438	1626194030508	OK	 
USER	PetClinicAdvanced	START	1626194030514
REQUEST		POST Add Owner	1626194030516	1626194030524	OK	 
REQUEST		Open Home Page	1626194030514	1626194030529	OK	 
REQUEST		Get Find Owners Page	1626194030517	1626194030529	OK	 
REQUEST		GET Owners Info	1626194029682	1626194030538	OK	 
REQUEST		POST Add Owner	1626194030514	1626194030538	OK	 
REQUEST		POST Add Owner	1626194030539	1626194030566	OK	 
REQUEST		POST Edit Pet Name	1626194030233	1626194030594	OK	 
REQUEST		POST Edit Pet Name	1626194030539	1626194030618	OK	 
REQUEST		GET Add Pet	1626194030513	1626194030632	OK	 
REQUEST		Get Find Owners Page	1626194030635	1626194030640	OK	 
REQUEST		GET Add Owner	1626194030635	1626194030641	OK	 
USER	PetClinicAdvanced	START	1626194030646
REQUEST		GET Edit Pet Page	1626194030346	1626194030651	OK	 
REQUEST		Open Home Page	1626194030646	1626194030656	OK	 
REQUEST		GET Add new visit	1626194029747	1626194030669	OK	 
REQUEST		POST Edit Pet Name	1626194030396	1626194030693	OK	 
REQUEST		GET Add Owner	1626194030690	1626194030694	OK	 
REQUEST		Get Find Owners Page	1626194030694	1626194030696	OK	 
REQUEST		Get Owners Info	1626194029892	1626194030705	OK	 
USER	PetClinicAdvanced	START	1626194030709
REQUEST		POST Add Owner	1626194030708	1626194030713	OK	 
REQUEST		Open Home Page	1626194030709	1626194030718	OK	 
REQUEST		GET Add Owner	1626194030714	1626194030723	OK	 
REQUEST		POST Add Owner	1626194030708	1626194030734	OK	 
REQUEST		GET Edit Pet Page	1626194030523	1626194030749	OK	 
USER	PetClinicAdvanced	START	1626194030749
REQUEST		Open Home Page	1626194030750	1626194030756	OK	 
REQUEST		GET Owners Info	1626194030073	1626194030796	OK	 
REQUEST		GET Add Owner	1626194030811	1626194030814	OK	 
REQUEST		POST Add Owner	1626194030804	1626194030816	OK	 
REQUEST		GET Add Owner	1626194030837	1626194030840	OK	 
REQUEST		POST Edit Pet Name	1626194030508	1626194030841	OK	 
USER	PetClinicAdvanced	START	1626194030845
REQUEST		Open Home Page	1626194030845	1626194030851	OK	 
REQUEST		POST Edit Pet Name	1626194030676	1626194030913	OK	 
REQUEST		Get Find Owners Page	1626194030930	1626194030936	OK	 
REQUEST		GET Edit Pet Page	1626194030730	1626194030937	OK	 
REQUEST		GET Add Pet	1626194030771	1626194030945	OK	 
REQUEST		GET Add Owner	1626194030904	1626194030950	OK	 
REQUEST		Get Find Owners Page	1626194030948	1626194030966	OK	 
REQUEST		POST Add Owner	1626194030964	1626194030973	OK	 
USER	PetClinicAdvanced	START	1626194030978
REQUEST		Open Home Page	1626194030978	1626194030986	OK	 
REQUEST		GET Add Owner	1626194030979	1626194030990	OK	 
REQUEST		GET Add Pet	1626194030880	1626194031011	OK	 
REQUEST		POST Add Pet	1626194030879	1626194031011	KO	status.find.is(302), but actually found 200
REQUEST		POST Edit Pet Name	1626194030804	1626194031017	OK	 
REQUEST		Get Find Owners Page	1626194031018	1626194031020	OK	 
REQUEST		GET Add new visit	1626194030083	1626194031051	OK	 
USER	PetClinicAdvanced	START	1626194031062
REQUEST		POST Edit Pet Name	1626194030749	1626194031064	OK	 
REQUEST		POST Add Owner	1626194031038	1626194031090	OK	 
REQUEST		Open Home Page	1626194031062	1626194031091	OK	 
REQUEST		GET Add Owner	1626194031085	1626194031091	OK	 
REQUEST		GET Add Owner	1626194031090	1626194031095	OK	 
REQUEST		GET Add Owner	1626194031090	1626194031096	OK	 
REQUEST		POST Edit Pet Name	1626194030767	1626194031108	OK	 
REQUEST		GET Add Pet	1626194030904	1626194031146	OK	 
USER	PetClinicAdvanced	START	1626194031148
REQUEST		GET Add new visit	1626194030294	1626194031151	OK	 
REQUEST		GET Add Owner	1626194031145	1626194031161	OK	 
REQUEST		Open Home Page	1626194031148	1626194031161	OK	 
USER	PetClinicAdvanced	START	1626194031249
REQUEST		Get Owners Info	1626194030232	1626194031252	OK	 
REQUEST		GET Add Owner	1626194031250	1626194031261	OK	 
REQUEST		Get Find Owners Page	1626194031249	1626194031261	OK	 
REQUEST		Open Home Page	1626194031249	1626194031261	OK	 
USER	PetClinicAdvanced	START	1626194031267
REQUEST		POST Add Pet	1626194030951	1626194031276	KO	status.find.is(302), but actually found 200
REQUEST		Open Home Page	1626194031267	1626194031313	OK	 
REQUEST		Get Find Owners Page	1626194031295	1626194031314	OK	 
REQUEST		GET Add Owner	1626194031266	1626194031315	OK	 
REQUEST		Get Find Owners Page	1626194031346	1626194031351	OK	 
USER	PetClinicAdvanced	START	1626194031353
REQUEST		Open Home Page	1626194031353	1626194031365	OK	 
REQUEST		Get Find Owners Page	1626194031276	1626194031403	OK	 
USER	PetClinicAdvanced	START	1626194031411
REQUEST		POST Add Owner	1626194031266	1626194031480	OK	 
REQUEST		Open Home Page	1626194031411	1626194031480	OK	 
REQUEST		POST Add Owner	1626194031272	1626194031499	OK	 
REQUEST		Get Find Owners Page	1626194031403	1626194031503	OK	 
USER	PetClinicAdvanced	START	1626194031500
REQUEST		POST Add Owner	1626194031479	1626194031503	OK	 
REQUEST		GET Add Owner	1626194031491	1626194031535	OK	 
REQUEST		Open Home Page	1626194031500	1626194031535	OK	 
REQUEST		GET Add Owner	1626194031491	1626194031556	OK	 
REQUEST		GET Add Pet	1626194031145	1626194031557	OK	 
REQUEST		GET Edit Pet Page	1626194030930	1626194031557	OK	 
REQUEST		GET Edit Pet Page	1626194030951	1626194031570	OK	 
REQUEST		GET Add Owner	1626194031595	1626194031607	OK	 
REQUEST		Get Find Owners Page	1626194031595	1626194031610	OK	 
REQUEST		GET Edit Pet Page	1626194030964	1626194031618	OK	 
USER	PetClinicAdvanced	START	1626194031635
REQUEST		GET Edit Pet Page	1626194030800	1626194031636	OK	 
REQUEST		POST Edit Pet Name	1626194030955	1626194031706	OK	 
REQUEST		Get Find Owners Page	1626194031706	1626194031711	OK	 
REQUEST		Get Find Owners Page	1626194031708	1626194031713	OK	 
REQUEST		GET Edit Pet Page	1626194030949	1626194031723	OK	 
REQUEST		GET Add Owner	1626194031683	1626194031737	OK	 
REQUEST		GET Edit Pet Page	1626194031056	1626194031740	OK	 
REQUEST		POST Add Owner	1626194031709	1626194031749	OK	 
REQUEST		GET Edit Pet Page	1626194031084	1626194031751	OK	 
REQUEST		Open Home Page	1626194031635	1626194031751	OK	 
USER	PetClinicAdvanced	START	1626194031753
REQUEST		GET Owners Info	1626194030176	1626194031758	OK	 
REQUEST		GET Add Pet	1626194031451	1626194031808	OK	 
REQUEST		Open Home Page	1626194031753	1626194031808	OK	 
USER	PetClinicAdvanced	START	1626194031811
REQUEST		Get Find Owners Page	1626194031809	1626194031815	OK	 
REQUEST		Open Home Page	1626194031812	1626194031825	OK	 
USER	PetClinicAdvanced	START	1626194031841
REQUEST		Open Home Page	1626194031841	1626194031859	OK	 
REQUEST		Get Owners Info	1626194030524	1626194031916	OK	 
REQUEST		GET Add Owner	1626194031883	1626194031950	OK	 
USER	PetClinicAdvanced	START	1626194031957
REQUEST		GET Add Pet	1626194031581	1626194031971	OK	 
REQUEST		POST Add Pet	1626194031345	1626194031991	KO	status.find.is(302), but actually found 200
REQUEST		Get Owners Info	1626194030229	1626194031992	OK	 
USER	PetClinicAdvanced	START	1626194032009
REQUEST		GET Add Owner	1626194031956	1626194032016	OK	 
REQUEST		POST Add Pet	1626194031618	1626194032026	KO	status.find.is(302), but actually found 200
REQUEST		Open Home Page	1626194031957	1626194032052	OK	 
REQUEST		Open Home Page	1626194032009	1626194032054	OK	 
REQUEST		POST Add Owner	1626194032034	1626194032058	OK	 
REQUEST		POST Add Owner	1626194031991	1626194032068	OK	 
REQUEST		GET Add Owner	1626194032068	1626194032076	OK	 
REQUEST		Get Find Owners Page	1626194032068	1626194032083	OK	 
USER	PetClinicAdvanced	START	1626194032085
REQUEST		GET Edit Pet Page	1626194031379	1626194032091	OK	 
REQUEST		Open Home Page	1626194032085	1626194032093	OK	 
REQUEST		GET Owners Info	1626194030416	1626194032098	OK	 
REQUEST		POST Add Owner	1626194032087	1626194032098	OK	 
REQUEST		POST Add Owner	1626194032097	1626194032102	OK	 
REQUEST		GET Edit Pet Page	1626194031061	1626194032108	OK	 
REQUEST		POST Edit Pet Name	1626194031149	1626194032110	OK	 
REQUEST		GET Edit Pet Page	1626194031354	1626194032115	OK	 
REQUEST		GET Edit Pet Page	1626194031506	1626194032121	OK	 
REQUEST		GET Add Owner	1626194032133	1626194032135	OK	 
REQUEST		GET Owners Info	1626194030619	1626194032142	OK	 
REQUEST		POST Add Pet	1626194031753	1626194032144	KO	status.find.is(302), but actually found 200
REQUEST		Get Find Owners Page	1626194032147	1626194032150	OK	 
REQUEST		POST Edit Pet Name	1626194031411	1626194032184	OK	 
REQUEST		Get Find Owners Page	1626194032191	1626194032193	OK	 
USER	PetClinicAdvanced	START	1626194032210
REQUEST		Open Home Page	1626194032210	1626194032219	OK	 
REQUEST		GET Add Pet	1626194031702	1626194032239	OK	 
REQUEST		GET Add Pet	1626194032053	1626194032251	OK	 
REQUEST		POST Add Owner	1626194032252	1626194032257	OK	 
REQUEST		GET Owners Info	1626194030437	1626194032325	OK	 
USER	PetClinicAdvanced	START	1626194032325
REQUEST		GET Add Pet	1626194031851	1626194032334	OK	 
REQUEST		GET Add Owner	1626194032307	1626194032336	OK	 
REQUEST		Open Home Page	1626194032325	1626194032342	OK	 
REQUEST		POST Add Pet	1626194032020	1626194032370	KO	status.find.is(302), but actually found 200
REQUEST		GET Add Pet	1626194031859	1626194032377	OK	 
REQUEST		Get Owners Info	1626194030714	1626194032380	OK	 
USER	PetClinicAdvanced	START	1626194032393
REQUEST		Open Home Page	1626194032393	1626194032398	OK	 
REQUEST		POST Add Owner	1626194032258	1626194032410	OK	 
REQUEST		GET Edit Pet Page	1626194031249	1626194032423	OK	 
REQUEST		