RUN	PetClinicAdvanced	petclinicadvanced	1626179887678	 	3.2.1
USER	PetClinic	1	START	1626179889088	1626179889088
REQUEST	1		Open Home Page	1626179889146	1626179889172	OK	 
REQUEST	1		Get Find Owners Page	1626179892207	1626179892211	OK	 
REQUEST	1		GET Add Owner	1626179893206	1626179893209	OK	 
REQUEST	1		POST Add Owner	1626179904218	1626179904222	OK	 
REQUEST	1		Get Owners Info	1626179904245	1626179904279	OK	 
REQUEST	1		GET Add Pet	1626179912275	1626179912288	OK	 
REQUEST	1		POST Add Pet	1626179927297	1626179927309	KO	status.find.is(302), but actually found 200
REQUEST	1		GET Edit Pet Page	1626179929305	1626179929318	OK	 
REQUEST	1		POST Edit Pet Name	1626179936315	1626179936330	OK	 
REQUEST	1		GET Owners Info	1626179936332	1626179936364	OK	 
REQUEST	1		GET Add new visit	1626179942374	1626179942409	OK	 
REQUEST	1		POST Add new visit	1626179946415	1626179946423	OK	 
REQUEST	1		GET Owners Info	1626179946424	1626179946456	OK	 
REQUEST	1		Get Find Owners Page	1626179957456	1626179957460	OK	 
REQUEST	1		GET Find Owners by Lastname	1626179964456	1626179964469	KO	status.find.is(302), but actually found 200
REQUEST	1		GET Open Edit Owner Page	1626179973468	1626179973477	OK	 
REQUEST	1		POST Update Owner	1626179981476	1626179981490	OK	 
REQUEST	1		GET Owners Info	1626179981491	1626179981522	OK	 
REQUEST	1		GET Vets List	1626179988526	1626179988531	OK	 
USER	PetClinic	1	END	1626179889088	1626179990531
