RUN	PetClinicAdvanced	petclinicadvanced	1626189694939	 	3.6.0
USER	PetClinicAdvanced	START	1626189695940
REQUEST		GET Open Home Page	1626189695955	1626189695974	OK	 
REQUEST		GET Owners Page	1626189697009	1626189697022	OK	 
REQUEST		GET Find Owners Page	1626189698027	1626189698031	OK	 
REQUEST		POST Add Owner	1626189709039	1626189709043	OK	 
REQUEST		GET Owners Page	1626189709045	1626189709054	OK	 
REQUEST		request_5	1626189711062	1626189711084	OK	 
REQUEST		request_6	1626189716090	1626189716095	OK	 
REQUEST		request_7	1626189716095	1626189716102	OK	 
REQUEST		request_8	1626189717105	1626189717111	OK	 
REQUEST		request_9	1626189729120	1626189729126	KO	status.find.is(302), but actually found 200
REQUEST		request_10	1626189729127	1626189729133	OK	 
REQUEST		request_11	1626189731137	1626189731142	OK	 
REQUEST		request_12	1626189748147	1626189748151	OK	 
REQUEST		request_13	1626189748152	1626189748158	OK	 
REQUEST		request_14	1626189754160	1626189754166	OK	 
ERROR	request_15: Failed to build request: No attribute named 'type' is defined 	1626189757173
REQUEST		request_16	1626189757179	1626189757185	OK	 
REQUEST		request_17	1626189767188	1626189767192	OK	 
REQUEST		request_18	1626189769196	1626189769200	OK	 
REQUEST		request_19	1626189775204	1626189775210	OK	 
REQUEST		request_20	1626189775212	1626189775218	OK	 
REQUEST		request_21	1626189790223	1626189790228	OK	 
REQUEST		request_22	1626189794230	1626189794235	OK	 
REQUEST		request_23	1626189794235	1626189794242	OK	 
REQUEST		request_24	1626189804244	1626189804249	OK	 
USER	PetClinicAdvanced	END	1626189804252
