RUN	PetClinicAdvanced	petclinicadvanced	1626179591252	 	3.2.1
USER	PetClinic	1	START	1626179592806	1626179592806
REQUEST	1		Open Home Page	1626179592868	1626179592899	OK	 
REQUEST	1		Get Find Owners Page	1626179595933	1626179595936	OK	 
REQUEST	1		GET Add Owner	1626179596932	1626179596935	OK	 
REQUEST	1		POST Add Owner	1626179607943	1626179607947	OK	 
REQUEST	1		Get Owners Info	1626179607968	1626179608003	OK	 
REQUEST	1		GET Add Pet	1626179616001	1626179616010	OK	 
REQUEST	1		POST Add Pet	1626179631024	1626179631033	KO	status.find.is(302), but actually found 200
REQUEST	1		GET Edit Pet Page	1626179633022	1626179633035	OK	 
REQUEST	1		POST Edit Pet Name	1626179640041	1626179640056	OK	 
REQUEST	1		GET Owners Info	1626179640058	1626179640094	OK	 
REQUEST	1		GET Add new visit	1626179646094	1626179646126	OK	 
REQUEST	1		POST Add new visit	1626179650123	1626179650131	OK	 
REQUEST	1		GET Owners Info	1626179650132	1626179650170	OK	 
REQUEST	1		Get Find Owners Page	1626179661182	1626179661185	OK	 
REQUEST	1		GET Find Owners by Lastname	1626179668182	1626179668200	KO	status.find.is(302), but actually found 200
REQUEST	1		GET Open Edit Owner Page	1626179677203	1626179677212	OK	 
REQUEST	1		POST Update Owner	1626179685212	1626179685222	OK	 
REQUEST	1		GET Owners Info	1626179685223	1626179685260	OK	 
REQUEST	1		GET Vets List	1626179692262	1626179692265	OK	 
USER	PetClinic	1	END	1626179592806	1626179694267
