RUN	PetClinicAdvanced	petclinicadvanced	1626194338766	 	3.6.0
USER	PetClinicAdvanced	START	1626194340497
REQUEST		Open Home Page	1626194340519	1626194340559	OK	 
REQUEST		Get Find Owners Page	1626194342132	1626194342136	OK	 
REQUEST		GET Add Owner	1626194343745	1626194343749	OK	 
REQUEST		POST Add Owner	1626194344870	1626194344874	OK	 
REQUEST		Get Owners Info	1626194344882	1626194344939	OK	 
REQUEST		GET Add Pet	1626194346457	1626194346470	OK	 
REQUEST		POST Add Pet	1626194348393	1626194348412	OK	 
REQUEST		Get Owners Info	1626194348413	1626194348468	OK	 
REQUEST		GET Edit Pet Page	1626194349659	1626194349679	OK	 
REQUEST		POST Edit Pet Name	1626194351060	1626194351081	OK	 
REQUEST		GET Owners Info	1626194351081	1626194351136	OK	 
REQUEST		GET Add new visit	1626194352698	1626194352753	OK	 
REQUEST		POST Add new visit	1626194354536	1626194354548	OK	 
REQUEST		GET Owners Info	1626194354548	1626194354609	OK	 
REQUEST		Get Find Owners Page	1626194356475	1626194356479	OK	 
REQUEST		GET Find Owners by Lastname	1626194358328	1626194358358	OK	 
REQUEST		GET Owners Info	1626194358371	1626194358424	OK	 
REQUEST		GET Open Edit Owner Page	1626194360316	1626194360327	OK	 
REQUEST		POST Update Owner	1626194362114	1626194362126	OK	 
REQUEST		GET Owners Info	1626194362126	1626194362179	OK	 
REQUEST		GET Vets List	1626194363457	1626194363463	OK	 
USER	PetClinicAdvanced	END	1626194364778
